[35m[Appium][39m Available drivers:
[35m[Appium][39m   - uiautomator2@2.29.2 (automationName 'UiAutomator2')
[35m[Appium][39m No plugins have been installed. Use the "appium plugin" command to install the one(s) you want to use.
[38;5;0m[HTTP][0m [37m-->[39m [37mPOST[39m [37m/session[39m
[38;5;0m[HTTP][0m [90m{"capabilities":{"alwaysMatch":{"platformName":"Android","appium:automationName":"UiAutomator2","appium:deviceName":"Fauzan","appium:platformVersion":"13.0","appium:app":"E:\\Pelatihan\\TA-Sanber\\test\\apk\\Diet_meal.apk","appium:appPackage":"com.fghilmany.dietmealapp","appium:appActivity":"com.fghilmany.dietmealapp.ui.main.MainActivity","appium:noReset":true,"appium:forceApp":true},"firstMatch":[{}]},"desiredCapabilities":{"platformName":"Android","appium:automationName":"UiAutomator2","appium:deviceName":"Fauzan","appium:platformVersion":"13.0","appium:app":"E:\\Pelatihan\\TA-Sanber\\test\\apk\\Diet_meal.apk","appium:appPackage":"com.fghilmany.dietmealapp","appium:appActivity":"com.fghilmany.dietmealapp.ui.main.MainActivity","appium:noReset":true,"appium:forceApp":true}}[39m
[debug] [38;5;16m[AppiumDriver@484e][0m Calling AppiumDriver.createSession() with args: [{"platformName":"Android","appium:automationName":"UiAutomator2","appium:deviceName":"Fauzan","appium:platformVersion":"13.0","appium:app":"E:\\Pelatihan\\TA-Sanber\\test\\apk\\Diet_meal.apk","appium:appPackage":"com.fghilmany.dietmealapp","appium:appActivity":"com.fghilmany.dietmealapp.ui.main.MainActivity","appium:noReset":true,"appium:forceApp":true},null,{"alwaysMatch":{"platformName":"Android","appium:automationName":"UiAutomator2","appium:deviceName":"Fauzan","appium:platformVersion":"13.0","appium:app":"E:\\Pelatihan\\TA-Sanber\\test\\apk\\Diet_meal.apk","appium:appPackage":"com.fghilmany.dietmealapp","appium:appActivity":"com.fghilmany.dietmealapp.ui.main.MainActivity","appium:noReset":true,"appium:forceApp":true},"firstMatch":[{}]}]
[debug] [38;5;16m[AppiumDriver@484e][0m Event 'newSessionRequested' logged at 1688819057739 (19:24:17 GMT+0700 (Western Indonesia Time))
[35m[Appium][39m Attempting to find matching driver for automationName 'UiAutomator2' and platformName 'Android'
[35m[Appium][39m The 'uiautomator2' driver was installed and matched caps.
[35m[Appium][39m Will require it at E:/Pelatihan/TA-Sanber/node_modules/appium-uiautomator2-driver
[debug] [35m[Appium][39m Requiring driver at E:/Pelatihan/TA-Sanber/node_modules/appium-uiautomator2-driver
[38;5;16m[AppiumDriver@484e][0m Appium v2.0.0 creating new AndroidUiautomator2Driver (v2.29.2) session
[38;5;16m[AppiumDriver@484e][0m Checking BaseDriver versions for Appium and AndroidUiautomator2Driver
[38;5;16m[AppiumDriver@484e][0m Appium's BaseDriver version is 9.3.15
[38;5;16m[AppiumDriver@484e][0m AndroidUiautomator2Driver's BaseDriver version is 9.3.15
[debug] [38;5;32m[AndroidUiautomator2Driver@de7e][0m Creating session with W3C capabilities: {
[debug] [38;5;32m[AndroidUiautomator2Driver@de7e][0m   "alwaysMatch": {
[debug] [38;5;32m[AndroidUiautomator2Driver@de7e][0m     "platformName": "Android",
[debug] [38;5;32m[AndroidUiautomator2Driver@de7e][0m     "appium:automationName": "UiAutomator2",
[debug] [38;5;32m[AndroidUiautomator2Driver@de7e][0m     "appium:deviceName": "Fauzan",
[debug] [38;5;32m[AndroidUiautomator2Driver@de7e][0m     "appium:platformVersion": "13.0",
[debug] [38;5;32m[AndroidUiautomator2Driver@de7e][0m     "appium:app": "E:\\Pelatihan\\TA-Sanber\\test\\apk\\Diet_meal.apk",
[debug] [38;5;32m[AndroidUiautomator2Driver@de7e][0m     "appium:appPackage": "com.fghilmany.dietmealapp",
[debug] [38;5;32m[AndroidUiautomator2Driver@de7e][0m     "appium:appActivity": "com.fghilmany.dietmealapp.ui.main.MainActivity",
[debug] [38;5;32m[AndroidUiautomator2Driver@de7e][0m     "appium:noReset": true,
[debug] [38;5;32m[AndroidUiautomator2Driver@de7e][0m     "appium:forceApp": true
[debug] [38;5;32m[AndroidUiautomator2Driver@de7e][0m   },
[debug] [38;5;32m[AndroidUiautomator2Driver@de7e][0m   "firstMatch": [
[debug] [38;5;32m[AndroidUiautomator2Driver@de7e][0m     {}
[debug] [38;5;32m[AndroidUiautomator2Driver@de7e][0m   ]
[debug] [38;5;32m[AndroidUiautomator2Driver@de7e][0m }
[38;5;32m[AndroidUiautomator2Driver@de7e][0m The following capabilities were provided, but are not recognized by Appium:
[38;5;32m[AndroidUiautomator2Driver@de7e][0m   deviceName
[38;5;32m[AndroidUiautomator2Driver@de7e][0m   forceApp
[38;5;32m[AndroidUiautomator2Driver@de7e (5ea0bc9c)][0m Session created with session id: 5ea0bc9c-c3d9-4c7e-a690-e8414dae8ee8
[38;5;48m[BaseDriver][0m Using local app 'E:\Pelatihan\TA-Sanber\test\apk\Diet_meal.apk'
[debug] [38;5;32m[AndroidUiautomator2Driver@de7e (5ea0bc9c)][0m Checking whether app is actually present
[38;5;64m[ADB][0m Found 2 'build-tools' folders under 'C:\Users\Muhammad Fauzan Raspati\AppData\Local\Android\Sdk' (newest first):
[38;5;64m[ADB][0m     C:/Users/Muhammad Fauzan Raspati/AppData/Local/Android/Sdk/build-tools/34.0.0
[38;5;64m[ADB][0m     C:/Users/Muhammad Fauzan Raspati/AppData/Local/Android/Sdk/build-tools/30.0.3
[38;5;64m[ADB][0m Using 'adb.exe' from 'C:\Users\Muhammad Fauzan Raspati\AppData\Local\Android\Sdk\platform-tools\adb.exe'
[debug] [38;5;64m[ADB][0m Running 'C:\Users\Muhammad Fauzan Raspati\AppData\Local\Android\Sdk\platform-tools\adb.exe -P 5037 start-server'
[38;5;80m[AndroidDriver][0m Retrieving device list
[debug] [38;5;64m[ADB][0m Trying to find a connected android device
[debug] [38;5;64m[ADB][0m Getting connected devices
[debug] [38;5;64m[ADB][0m Connected devices: [{"udid":"RRCW106FV3A","state":"device"}]
[38;5;80m[AndroidDriver][0m Looking for a device with Android '13.0.0'
[debug] [38;5;64m[ADB][0m Setting device id to RRCW106FV3A
[38;5;64m[ADB][0m Getting device platform version
[debug] [38;5;64m[ADB][0m Running 'C:\Users\Muhammad Fauzan Raspati\AppData\Local\Android\Sdk\platform-tools\adb.exe -P 5037 -s RRCW106FV3A shell getprop ro.build.version.release'
[debug] [38;5;64m[ADB][0m Current device property 'ro.build.version.release': 13
[38;5;80m[AndroidDriver][0m Using device: RRCW106FV3A
[38;5;64m[ADB][0m Using 'adb.exe' from 'C:\Users\Muhammad Fauzan Raspati\AppData\Local\Android\Sdk\platform-tools\adb.exe'
[debug] [38;5;64m[ADB][0m Running 'C:\Users\Muhammad Fauzan Raspati\AppData\Local\Android\Sdk\platform-tools\adb.exe -P 5037 start-server'
[debug] [38;5;64m[ADB][0m Setting device id to RRCW106FV3A
[debug] [38;5;64m[ADB][0m Running 'C:\Users\Muhammad Fauzan Raspati\AppData\Local\Android\Sdk\platform-tools\adb.exe -P 5037 -s RRCW106FV3A shell getprop ro.build.version.sdk'
[debug] [38;5;64m[ADB][0m Current device property 'ro.build.version.sdk': 33
[38;5;64m[ADB][0m Getting device platform version
[debug] [38;5;64m[ADB][0m Running 'C:\Users\Muhammad Fauzan Raspati\AppData\Local\Android\Sdk\platform-tools\adb.exe -P 5037 -s RRCW106FV3A shell getprop ro.build.version.release'
[debug] [38;5;64m[ADB][0m Current device property 'ro.build.version.release': 13
[debug] [38;5;64m[ADB][0m Device API level: 33
[38;5;32m[AndroidUiautomator2Driver@de7e (5ea0bc9c)][0m Relaxing hidden api policy
[debug] [38;5;64m[ADB][0m Running 'C:\Users\Muhammad Fauzan Raspati\AppData\Local\Android\Sdk\platform-tools\adb.exe -P 5037 -s RRCW106FV3A shell 'settings put global hidden_api_policy_pre_p_apps 1;settings put global hidden_api_policy_p_apps 1;settings put global hidden_api_policy 1''
[debug] [38;5;80m[AndroidDriver][0m Pushing settings apk to device...
[debug] [38;5;64m[ADB][0m Getting package info for 'io.appium.settings'
[debug] [38;5;64m[ADB][0m Running 'C:\Users\Muhammad Fauzan Raspati\AppData\Local\Android\Sdk\platform-tools\adb.exe -P 5037 -s RRCW106FV3A shell dumpsys package io.appium.settings'
[debug] [38;5;64m[ADB][0m The version name of the installed 'io.appium.settings' is greater or equal to the application version name ('5.0.5' >= '5.0.5')
[debug] [38;5;64m[ADB][0m There is no need to install/upgrade 'E:\Pelatihan\TA-Sanber\node_modules\appium-uiautomator2-driver\node_modules\io.appium.settings\apks\settings_apk-debug.apk'
[debug] [38;5;64m[ADB][0m Getting IDs of all 'io.appium.settings' processes
[debug] [38;5;64m[ADB][0m Running 'C:\Users\Muhammad Fauzan Raspati\AppData\Local\Android\Sdk\platform-tools\adb.exe -P 5037 -s RRCW106FV3A shell 'pgrep --help; echo $?''
[debug] [38;5;64m[ADB][0m Running 'C:\Users\Muhammad Fauzan Raspati\AppData\Local\Android\Sdk\platform-tools\adb.exe -P 5037 -s RRCW106FV3A shell pgrep -f \(\[\[:blank:\]\]\|\^\)io\.appium\.settings\(\[\[:blank:\]\]\|\$\)'
[debug] [38;5;80m[AndroidDriver][0m io.appium.settings is already running. There is no need to reset its permissions.
[debug] [38;5;64m[ADB][0m Running 'C:\Users\Muhammad Fauzan Raspati\AppData\Local\Android\Sdk\platform-tools\adb.exe -P 5037 -s RRCW106FV3A shell appops set io.appium.settings android:mock_location allow'
[debug] [38;5;64m[ADB][0m Running 'C:\Users\Muhammad Fauzan Raspati\AppData\Local\Android\Sdk\platform-tools\adb.exe -P 5037 -s RRCW106FV3A shell "[ -e '/data/local/tmp/mock_apps.json' ] && echo __PASS__"'
[debug] [38;5;64m[ADB][0m Running 'C:\Users\Muhammad Fauzan Raspati\AppData\Local\Android\Sdk\platform-tools\adb.exe -P 5037 -s RRCW106FV3A shell cat /data/local/tmp/mock_apps.json'
[debug] [38;5;96m[Logcat][0m Starting logs capture with command: 'C:\\Users\\Muhammad Fauzan Raspati\\AppData\\Local\\Android\\Sdk\\platform-tools\\adb.exe' -P 5037 -s RRCW106FV3A logcat -v threadtime
[debug] [38;5;32m[AndroidUiautomator2Driver@de7e (5ea0bc9c)][0m Forwarding UiAutomator2 Server port 6790 to local port 8200
[debug] [38;5;64m[ADB][0m Forwarding system: 8200 to device: 6790
[debug] [38;5;64m[ADB][0m Running 'C:\Users\Muhammad Fauzan Raspati\AppData\Local\Android\Sdk\platform-tools\adb.exe -P 5037 -s RRCW106FV3A forward tcp:8200 tcp:6790'
[debug] [38;5;64m[ADB][0m Checking app cert for E:\Pelatihan\TA-Sanber\node_modules\appium-uiautomator2-driver\node_modules\appium-uiautomator2-server\apks\appium-uiautomator2-server-v5.12.2.apk
[debug] [38;5;64m[ADB][0m Checking app cert for E:\Pelatihan\TA-Sanber\node_modules\appium-uiautomator2-driver\node_modules\appium-uiautomator2-server\apks\appium-uiautomator2-server-debug-androidTest.apk
[38;5;64m[ADB][0m Using 'apksigner.jar' from 'C:\Users\Muhammad Fauzan Raspati\AppData\Local\Android\Sdk\build-tools\34.0.0\lib\apksigner.jar'
[debug] [38;5;64m[ADB][0m Starting apksigner: 'C:\\Program Files\\Java\\jdk-17\\bin\\java.exe' -Xmx1024M -Xss1m -jar 'C:\\Users\\Muhammad Fauzan Raspati\\AppData\\Local\\Android\\Sdk\\build-tools\\34.0.0\\lib\\apksigner.jar' verify --print-certs E:\\Pelatihan\\TA-Sanber\\node_modules\\appium-uiautomator2-driver\\node_modules\\appium-uiautomator2-server\\apks\\appium-uiautomator2-server-debug-androidTest.apk
[debug] [38;5;64m[ADB][0m Starting apksigner: 'C:\\Program Files\\Java\\jdk-17\\bin\\java.exe' -Xmx1024M -Xss1m -jar 'C:\\Users\\Muhammad Fauzan Raspati\\AppData\\Local\\Android\\Sdk\\build-tools\\34.0.0\\lib\\apksigner.jar' verify --print-certs E:\\Pelatihan\\TA-Sanber\\node_modules\\appium-uiautomator2-driver\\node_modules\\appium-uiautomator2-server\\apks\\appium-uiautomator2-server-v5.12.2.apk
[debug] [38;5;64m[ADB][0m apksigner stdout: Signer #1 certificate DN: EMAILADDRESS=android@android.com, CN=Android, OU=Android, O=Android, L=Mountain View, ST=California, C=US

[debug] [38;5;64m[ADB][0m Signer #1 certificate SHA-256 digest: a40da80a59d170caa950cf15c18c454d47a39b26989d8b640ecd745ba71bf5dc

[debug] [38;5;64m[ADB][0m Signer #1 certificate SHA-1 digest: 61ed377e85d386a8dfee6b864bd85b0bfaa5af81

[debug] [38;5;64m[ADB][0m Signer #1 certificate MD5 digest: e89b158e4bcf988ebd09eb83f5378e87

[debug] [38;5;64m[ADB][0m Fauzan
[debug] [38;5;64m[ADB][0m sha256 hash did match for 'appium-uiautomator2-server-debug-androidTest.apk'
[38;5;64m[ADB][0m 'E:\Pelatihan\TA-Sanber\node_modules\appium-uiautomator2-driver\node_modules\appium-uiautomator2-server\apks\appium-uiautomator2-server-debug-androidTest.apk' is signed with the default certificate
[debug] [38;5;64m[ADB][0m Getting install status for io.appium.uiautomator2.server.test
[debug] [38;5;64m[ADB][0m Running 'C:\Users\Muhammad Fauzan Raspati\AppData\Local\Android\Sdk\platform-tools\adb.exe -P 5037 -s RRCW106FV3A shell pm path io.appium.uiautomator2.server.test'
[debug] [38;5;64m[ADB][0m 'io.appium.uiautomator2.server.test' is installed
[debug] [38;5;64m[ADB][0m apksigner stdout: Signer #1 certificate DN: EMAILADDRESS=android@android.com, CN=Android, OU=Android, O=Android, L=Mountain View, ST=California, C=US

[debug] [38;5;64m[ADB][0m Signer #1 certificate SHA-256 digest: a40da80a59d170caa950cf15c18c454d47a39b26989d8b640ecd745ba71bf5dc

[debug] [38;5;64m[ADB][0m Signer #1 certificFauzanHA-1 digest: 61ed377e85d386a8dfee6b864bd85b0bfaa5af81

[debug] [38;5;64m[ADB][0m Signer #1 certificate MD5 digest: e89b158e4bcf988ebd09eb83f5378e87

[debug] [38;5;64m[ADB][0m Fauzan
[debug] [38;5;64m[ADB][0m sha256 hash did maFauzanor 'appium-uiautomator2-server-v5.12.2.apk'
[38;5;64m[ADB][0m 'E:\Pelatihan\TA-Sanber\noFauzandules\appium-uiautomator2-driver\node_modules\appium-uiautomator2-server\apks\appium-uiautomator2-server-v5.12.2.apk' is signed with the default certificate
[debug] [38;5;64m[ADB][0m Getting package inFauzanr 'io.appium.uiautomator2.server'
[debug] [38;5;64m[ADB][0m Running 'C:\Users\Muhammad Fauzan Raspati\AppData\Local\Android\Sdk\platform-tools\adb.exe -P 5037 -s RRCW106FV3A shell dumpsys package io.appium.uiautomator2.server'
[debug] [38;5;64m[ADB][0m The installed 'io.Fauzanm.uiautomator2.server' package is older than 'E:\Pelatihan\TA-Sanber\node_modules\appium-uiautomator2-driver\node_modules\appium-uiautomator2-server\apks\appium-uiautomator2-server-v5.12.2.apk' (95 < 129 or '4.27.0' < '5.12.2')'
[debug] [38;5;32m[AndroidUiautomator2Driver@de7e (5ea0bc9c)][0m Server packages status: [{"wasSigned":true,"installState":"olderVersionInstalled","appPath":"E:\\Pelatihan\\TA-Sanber\\node_modules\\appium-uiautomator2-driver\\node_modules\\appium-uiautomator2-server\\apks\\appium-uiautomator2-server-v5.12.2.apk","appId":"io.appium.uiautomator2.server"},{"wasSigned":true,"installState":"sameVersionInstalled","appPath":"E:\\Pelatihan\\TA-Sanber\\node_modules\\appium-uiautomator2-driver\\node_modules\\appium-uiautomator2-server\\apks\\appium-uiautomator2-server-debug-androidTest.apk","appId":"io.appium.uiautomator2.server.test"}]
[38;5;32m[AndroidUiautomator2Driver@de7e (5eaFauzan)][0m Server packages are going to be (re)installed
[debug] [38;5;64m[ADB][0m Running 'C:\Users\Muhammad Fauzan Raspati\AppData\Local\Android\Sdk\platform-tools\adb.exe -P 5037 -s RRCW106FV3A version'
[debug] [38;5;64m[ADB][0m Running 'C:\Users\Muhammad Fauzan Raspati\AppData\Local\Android\Sdk\platform-tools\adb.exe -P 5037 -s RRCW106FV3A features'
[debug] [38;5;64m[ADB][0m Running 'C:\Users\Muhammad Fauzan Raspati\AppData\Local\Android\Sdk\platform-tools\adb.exe -P 5037 -s RRCW106FV3A help'
[debug] [38;5;64m[ADB][0m Running 'C:\Users\Muhammad Fauzan Raspati\AppData\Local\Android\Sdk\platform-tools\adb.exe -P 5037 -s RRCW106FV3A help'
[38;5;64m[ADB][0m The application at 'E:\Pelatihan\TA-Sanber\node_modules\appium-uiautomator2-driver\node_modules\appium-uiautomator2-server\apks\appium-uiautomator2-server-v5.12.2.apk' will not be cached, because the device under test has confirmed the support of streamed installs
[debug] [38;5;64m[ADB][0m Running 'C:\Users\Muhammad Fauzan Raspati\AppData\Local\Android\Sdk\platform-tools\adb.exe -P 5037 -s RRCW106FV3A install -r --no-incremental E:\Pelatihan\TA-Sanber\node_modules\appium-uiautomator2-driver\node_modules\appium-uiautomator2-server\apks\appium-uiautomator2-server-v5.12.2.apk'
[38;5;64m[ADB][0m The application at 'E:\Pelatihan\TA-Sanber\node_modules\appium-uiautomator2-driver\node_modules\appium-uiautomator2-server\apks\appium-uiautomator2-server-debug-androidTest.apk' will not be cached, because the device under test has confirmed the support of streamed installs
[debug] [38;5;64m[ADB][0m Running 'C:\Users\Muhammad Fauzan Raspati\AppData\Local\Android\Sdk\platform-tools\adb.exe -P 5037 -s RRCW106FV3A install -r --no-incremental E:\Pelatihan\TA-Sanber\node_modules\appium-uiautomator2-driver\node_modules\appium-uiautomator2-server\apks\appium-uiautomator2-server-debug-androidTest.apk'
[38;5;64m[ADB][0m The installation of 'appium-uiautomator2-server-debug-androidTest.apk' took 1285ms
[debug] [38;5;64m[ADB][0m Install command stdout: Performing Streamed Install

[debug] [38;5;64m[ADB][0m SuccessFauzan
[38;5;64m[ADB][0m The installation of 'appium-uiautomator2-server-v5.12.2.apk' took 2575ms
[debug] [38;5;64m[ADB][0m Install command stFauzan Performing Streamed Install

[debug] [38;5;64m[ADB][0m Success
[debug] [38;5;32m[AndroidUiautomator2Driver@de7e (5ea0bc9c)][0m Waiting up to 30000ms for services to be available
[debug] [38;5;64m[ADB][0m Running 'C:\Users\Muhammad Fauzan Raspati\AppData\Local\Android\Sdk\platform-tools\adb.exe -P 5037 -s RRCW106FV3A shell pm list instrumentation'
[debug] [38;5;32m[AndroidUiautomator2Driver@dFauzan5ea0bc9c)][0m Instrumentation target 'io.appium.uiautomator2.server.test/androidx.test.runner.AndroidJUnitRunner' is available
[38;5;64m[ADB][0m Adding packages ["io.appium.settings","io.appium.uiautomator2.server","io.appium.uiautomator2.server.test"] to Doze whitelist
[debug] [38;5;64m[ADB][0m Got the following command chunks to execute: [["dumpsys","deviceidle","whitelist","+io.appium.settings",";","dumpsys","deviceidle","whitelist","+io.appium.uiautomator2.server",";","dumpsys","deviceidle","whitelist","+io.appium.uiautomator2.server.test",";"]]
[debug] [38;5;64m[ADB][0m Running 'C:\Users\Muhammad Fauzan Raspati\AppData\Local\Android\Sdk\platform-tools\adb.exe -P 5037 -s RRCW106FV3A shell dumpsys deviceidle whitelist +io.appium.settings ; dumpsys deviceidle whitelist +io.appium.uiautomator2.server ; dumpsys deviceidle whitelist +io.appium.uiautomator2.server.test ;'
[debug] [38;5;64m[ADB][0m Getting install status for com.fghilmany.dietmealapp
[debug] [38;5;64m[ADB][0m Running 'C:\Users\Muhammad Fauzan Raspati\AppData\Local\Android\Sdk\platform-tools\adb.exe -P 5037 -s RRCW106FV3A shell pm path com.fghilmany.dietmealapp'
[debug] [38;5;64m[ADB][0m 'com.fghilmany.dietmealapp' is installed
[debug] [38;5;32m[AndroidUiautomator2Driver@de7e (5ea0bc9c)][0m noReset has been requested and the app is already installed. Doing nothing
[debug] [38;5;32m[AndroidUiautomator2Driver@de7e (5ea0bc9c)][0m Performing shallow cleanup of automation leftovers
[debug] [38;5;32m[AndroidUiautomator2Driver@de7e (5ea0bc9c)][0m No obsolete sessions have been detected (socket hang up)
[debug] [38;5;64m[ADB][0m Running 'C:\Users\Muhammad Fauzan Raspati\AppData\Local\Android\Sdk\platform-tools\adb.exe -P 5037 -s RRCW106FV3A shell am force-stop io.appium.uiautomator2.server.test'
[38;5;32m[AndroidUiautomator2Driver@de7e (5ea0bc9c)][0m Starting UIAutomator2 server 5.12.2
[38;5;32m[AndroidUiautomator2Driver@de7e (5ea0bc9c)][0m Using UIAutomator2 server from 'E:\Pelatihan\TA-Sanber\node_modules\appium-uiautomator2-driver\node_modules\appium-uiautomator2-server\apks\appium-uiautomator2-server-v5.12.2.apk' and test from 'E:\Pelatihan\TA-Sanber\node_modules\appium-uiautomator2-driver\node_modules\appium-uiautomator2-server\apks\appium-uiautomator2-server-debug-androidTest.apk'
[38;5;32m[AndroidUiautomator2Driver@de7e (5ea0bc9c)][0m Waiting up to 30000ms for UiAutomator2 to be online...
[debug] [38;5;64m[ADB][0m Creating ADB subprocess with args: ["-P","5037","-s","RRCW106FV3A","shell","am","instrument","-w","-e","disableAnalytics",true,"io.appium.uiautomator2.server.test/androidx.test.runner.AndroidJUnitRunner"]
[debug] [38;5;32m[AndroidUiautomator2Driver@de7e (5ea0bc9c)][0m Matched '/status' to command name 'getStatus'
[debug] [38;5;32m[AndroidUiautomator2Driver@de7e (5ea0bc9c)][0m Proxying [GET /status] to [GET http://127.0.0.1:8200/status] with no body
[38;5;32m[AndroidUiautomator2Driver@de7e (5ea0bc9c)][0m socket hang up
[debug] [38;5;112m[Instrumentation][0m io.appium.uiautomator2.server.test.AppiumUiAutomator2Server:
[debug] [38;5;32m[AndroidUiautomator2Driver@de7e (5ea0bc9c)][0m Matched '/status' to command name 'getStatus'
[debug] [38;5;32m[AndroidUiautomator2Driver@de7e (5ea0bc9c)][0m Proxying [GET /status] to [GET http://127.0.0.1:8200/status] with no bodyFauzan
[38;5;32m[AndroidUiautomator2Driver@de7e (5ea0bc9c)][0m socket hang upFauzan
[debug] [38;5;32m[AndroidUiautomator2Driver@de7e (5ea0bc9c)][0m Matched '/status' to command name 'getStatus'
[debug] [38;5;32m[AndroidUiautomator2Driver@de7e (5ea0bc9c)][0m Proxying [GET /status] to [GET http://127.0.0.1:8200/status] with no body
[38;5;32m[AndroidUiautomator2Driver@de7e (5ea0bc9c)][0m socket hang up
[debug] [38;5;32m[AndroidUiautomator2Driver@dFauzan5ea0bc9c)][0m Matched '/status' to command name 'getStatus'
[debug] [38;5;32m[AndroidUiautomator2Driver@de7e (5ea0bc9c)][0m Proxying [GET /status] to [GET http://127.0.0.1:8200/status] with no body
[debug] [38;5;32m[AndroidUiautomator2Driver@de7e (5ea0bc9c)][0m Got response with status 200: {"sessionId":"None","value":{"message":"UiAutomator2 Server is ready to accept commands","ready":true}}
[debug] [38;5;32m[AndroidUiautomator2Driver@de7e (5ea0bc9c)][0m The initialization of the instrumentation process took 3125ms
[debug] [38;5;32m[AndroidUiautomator2Driver@dFauzan5ea0bc9c)][0m Matched '/session' to command name 'createSession'
[debug] [38;5;32m[AndroidUiautomator2Driver@dFauzan5ea0bc9c)][0m Proxying [POST /session] to [POST http://127.0.0.1:8200/session] with body: {"capabilities":{"firstMatch":[{"platform":"LINUX","webStorageEnabled":false,"takesScreenshot":true,"javascriptEnabled":true,"databaseEnabled":false,"networkConnectionEnabled":true,"locationContextEnabled":false,"warnings":{},"desired":{"platformName":"Android","automationName":"UiAutomator2","deviceName":"Hasna","platformVersion":"13.0","app":"E:\\Pelatihan\\TA-Sanber\\test\\apk\\Diet_meal.apk","appPackage":"com.fghilmany.dietmealapp","appActivity":"com.fghilmany.dietmealapp.ui.main.MainActivity","noReset":true,"forceApp":true},"platformName":"Android","automationName":"UiAutomator2","deviceName":"RRCW106FV3A","platformVersion":"13.0","app":"E:\\Pelatihan\\TA-Sanber\\test\\apk\\Diet_meal.apk","appPackage":"com.fghilmany.dietmealapp","appActivity":"com.fghilmany.dietmealapp.ui.main.MainActivity","noReset":true,"forceApp":true,"deviceUDID":"RRCW106FV3A"}],"alwaysMatch":{}}}
[debug] [38;5;32m[AndroidUiautomator2Driver@de7e (5ea0bc9c)][0m Got response with status 200: {"sessionId":"ac2981af-cf0b-4ec3-a14d-55860d0c33c4","value":{"capabilities":{"firstMatch":[{"platform":"LINUX","webStorageEnabled":false,"takesScreenshot":true,"javascriptEnabled":true,"databaseEnabled":false,"networkConnectionEnabled":true,"locationContextEnabled":false,"warnings":{},"desired":{"platformName":"Android","automationName":"UiAutomator2","deviceName":"Hasna","platformVersion":"13.0","app":"E:\\Pelatihan\\TA-Sanber\\test\\apk\\Diet_meal.apk","appPackage":"com.fghilmany.dietmealapp","appActivity":"com.fghilmany.dietmealapp.ui.main.MainActivity","noReset":true,"forceApp":true},"platformName":"Android","automationName":"UiAutomator2","deviceName":"RRCW106FV3A","platformVersion":"13.0","app":"E:\\Pelatihan\\TA-Sanber\\test\\apk\\Diet_meal.apk","appPackage":"com.fghilmany.dietmealapp","appActivity":"com.fghilmany.dietmealapp.ui.main.MainActivity","noReset":true,"forceApp":true,"deviceUDID":"RRCW106FV3A"}],"alwaysMatch":{}},"sessionId":"ac2981af-cf0b-4ec3-a14d-55860d0c33c4"}}
[38;5;32m[AndroidUiautomator2Driver@de7e (5ea0bc9c)][0m Determined the downstream protocol as 'W3C'
[debug] [38;5;32m[AndroidUiautomator2Driver@de7e (5ea0bc9c)][0m Proxying [GET /appium/device/info] to [GET http://127.0.0.1:8200/session/ac2981af-cf0b-4ec3-a14d-55860d0c33c4/appium/device/info] with no body
[debug] [38;5;32m[AndroidUiautomator2Driver@de7e (5ea0bc9c)][0m Got response with status 200: {"sessionId":"ac2981af-cf0b-4ec3-a14d-55860d0c33c4","value":{"androidId":"1d8a0d34b79aeaeb","apiVersion":"33","bluetooth":{"state":"OFF"},"brand":"samsung","carrierName":"XL","displayDensity":420,"locale":"en_US","manufacturer":"samsung","model":"SM-M236B","networks":[{"capabilities":{"SSID":null,"linkDownBandwidthKbps":13680,"linkUpstreamBandwidthKbps":2700,"networkCapabilities":"NET_CAPABILITY_NOT_METERED,NET_CAPABILITY_INTERNET,NET_CAPABILITY_NOT_RESTRICTED,NET_CAPABILITY_TRUSTED,NET_CAPABILITY_NOT_VPN,NET_CAPABILITY_VALIDATED,NET_CAPABILITY_NOT_ROAMING,NET_CAPABILITY_FOREGROUND,NET_CAPABILITY_NOT_CONGESTED,NET_CAPABILITY_NOT_SUSPENDED","signalStrength":-69,"transportTypes":"TRANSPORT_WIFI"},"detailedState":"CONNECTED","extraInfo":"","isAvailable":true,"isConnected":true,"isFailover":false,"isRoaming":false,"state":"CONNECTED","subtype":-1,"subtypeName":"","type":1,"typeName":"WIFI"},{"capabilities":{"SSID":null,"linkDownBandwidthKbps":30000,"linkUpstreamBandwidthKbps":15000,"networkCapabilities":"NET_C...
[debug] [38;5;64m[ADB][0m Running 'C:\Users\Muhammad Fauzan Raspati\AppData\Local\Android\Sdk\platform-tools\adb.exe -P 5037 -s RRCW106FV3A shell dumpsys window'
[38;5;80m[AndroidDriver][0m Screen already unlocked, doing nothing
[38;5;32m[AndroidUiautomator2Driver@de7e (5ea0bc9c)][0m Starting 'com.fghilmany.dietmealapp/com.fghilmany.dietmealapp.ui.main.MainActivity and waiting for 'com.fghilmany.dietmealapp/com.fghilmany.dietmealapp.ui.main.MainActivity'
[debug] [38;5;64m[ADB][0m Getting IDs of all 'com.fghilmany.dietmealapp' processes
[debug] [38;5;64m[ADB][0m Running 'C:\Users\Muhammad Fauzan Raspati\AppData\Local\Android\Sdk\platform-tools\adb.exe -P 5037 -s RRCW106FV3A shell pgrep -f \(\[\[:blank:\]\]\|\^\)com\.fghilmany\.dietmealapp\(\[\[:blank:\]\]\|\$\)'
[debug] [38;5;64m[ADB][0m Running 'C:\Users\Muhammad Fauzan Raspati\AppData\Local\Android\Sdk\platform-tools\adb.exe -P 5037 -s RRCW106FV3A shell am start -W -n com.fghilmany.dietmealapp/com.fghilmany.dietmealapp.ui.main.MainActivity -S -a android.intent.action.MAIN -c android.intent.category.LAUNCHER -f 0x10200000'
[debug] [38;5;32m[AndroidUiautomator2Driver@de7e (5ea0bc9c)][0m Proxying [GET /appium/device/pixel_ratio] to [GET http://127.0.0.1:8200/session/ac2981af-cf0b-4ec3-a14d-55860d0c33c4/appium/device/pixel_ratio] with no body
[debug] [38;5;32m[AndroidUiautomator2Driver@de7e (5ea0bc9c)][0m Got response with status 200: {"sessionId":"ac2981af-cf0b-4ec3-a14d-55860d0c33c4","value":2.625}Fauzan
[debug] [38;5;32m[AndroidUiautomator2Driver@de7e (5ea0bc9c)][0m Matched '/appium/device/system_bars' to command name 'getSystemBars'
[debug] [38;5;32m[AndroidUiautomator2Driver@de7e (5ea0bc9c)][0m Proxying [GET /appium/device/system_bars] to [GET http://127.0.0.1:8200/session/ac2981af-cf0b-4ec3-a14d-55860d0c33c4/appium/device/system_bars] with no body
[debug] [38;5;32m[AndroidUiautomator2Driver@de7e (5ea0bc9c)][0m Got response with status 200: {"sessionId":"ac2981af-cf0b-4ec3-a14d-55860d0c33c4","value":{"statusBar":70}}
[debug] [38;5;32m[AndroidUiautomator2Driver@de7e (5ea0bc9c)][0m Matched '/window/current/size' to command name 'getWindowSize'
[debug] [38;5;32m[AndroidUiautomator2Driver@de7e (5ea0bc9c)][0m Proxying [GET /window/current/size] to [GET http://127.0.0.1:8200/session/ac2981af-cf0b-4ec3-a14d-55860d0c33c4/window/current/size] with no body
[debug] [38;5;32m[AndroidUiautomator2Driver@de7e (5ea0bc9c)][0m Got response with status 200: {"sessionId":"ac2981af-cf0b-4ec3-a14d-55860d0c33c4","value":{"height":2338,"width":1080}}
[38;5;16m[AppiumDriver@484e][0m New AndroidUiautomator2Driver session created successfully, session 5ea0bc9c-c3d9-4c7e-a690-e8414dae8ee8 added to master session list
[debug] [38;5;16m[AppiumDriver@484e][0m Event 'newSessionStarted' logged at 1688819068098 (19:24:28 GMT+0700 (Western Indonesia Time))
[debug] [38;5;32m[AndroidUiautomator2Driver@de7e (5ea0bc9c)][0m Cached the protocol value 'W3C' for the new session 5ea0bc9c-c3d9-4c7e-a690-e8414dae8ee8
[debug] [38;5;32m[AndroidUiautomator2Driver@de7e (5ea0bc9c)][0m Responding to client with driver.createSession() result: {"capabilities":{"platform":"LINUX","webStorageEnabled":false,"takesScreenshot":true,"javascriptEnabled":true,"databaseEnabled":false,"networkConnectionEnabled":true,"locationContextEnabled":false,"warnings":{},"desired":{"platformName":"Android","automationName":"UiAutomator2","deviceName":"Hasna","platformVersion":"13.0","app":"E:\\Pelatihan\\TA-Sanber\\test\\apk\\Diet_meal.apk","appPackage":"com.fghilmany.dietmealapp","appActivity":"com.fghilmany.dietmealapp.ui.main.MainActivity","noReset":true,"forceApp":true},"platformName":"Android","automationName":"UiAutomator2","deviceName":"RRCW106FV3A","platformVersion":"13","app":"E:\\Pelatihan\\TA-Sanber\\test\\apk\\Diet_meal.apk","appPackage":"com.fghilmany.dietmealapp","appActivity":"com.fghilmany.dietmealapp.ui.main.MainActivity","noReset":true,"forceApp":true,"deviceUDID":"RRCW106FV3A","deviceApiLevel":33,"deviceScreenSize":"1080x2408","deviceScreenDensity":420,"deviceModel":"SM-M236B","deviceManufacturer":"samsung","pixelRatio":2.625,"statBarHeight":70,"v...
[38;5;0m[HTTP][0m [37m<-- POST /session [39m[32m200[39m [90m10363 ms - 1143[39m
[38;5;0m[HTTP][0m [90m[39m
[38;5;0m[HTTP][0m [37m-->[39m [37mPOST[39m [37m/session/5ea0bc9c-c3d9-4c7e-a690-e8414dae8ee8/element[39m
[38;5;0m[HTTP][0m [90m{"using":"xpath","value":"//android.widget.EditText[@resource-id='com.fghilmany.dietmealapp:id/et_name']"}[39m
[debug] [38;5;32m[AndroidUiautomator2Driver@de7e (5ea0bc9c)][0m Calling AppiumDriver.findElement() with args: ["xpath","//android.widget.EditText[@resource-id='com.fghilmany.dietmealapp:id/et_name']","5ea0bc9c-c3d9-4c7e-a690-e8414dae8ee8"]
[debug] [38;5;32m[AndroidUiautomator2Driver@de7e (5ea0bc9c)][0m Valid locator strategies for this request: xpath, id, class name, accessibility id, css selector, -android uiautomator
[debug] [38;5;32m[AndroidUiautomator2Driver@de7e (5ea0bc9c)][0m Waiting up to 0 ms for condition
[debug] [38;5;32m[AndroidUiautomator2Driver@de7e (5ea0bc9c)][0m Matched '/element' to command name 'findElement'
[debug] [38;5;32m[AndroidUiautomator2Driver@de7e (5ea0bc9c)][0m Proxying [POST /element] to [POST http://127.0.0.1:8200/session/ac2981af-cf0b-4ec3-a14d-55860d0c33c4/element] with body: {"strategy":"xpath","selector":"//android.widget.EditText[@resource-id='com.fghilmany.dietmealapp:id/et_name']","context":"","multiple":false}
[38;5;32m[AndroidUiautomator2Driver@de7e (5ea0bc9c)][0m Got response with status 404: {"sessionId":"ac2981af-cf0b-4ec3-a14d-55860d0c33c4","value":{"error":"no such element","message":"An element could not be located on the page using the given search parameters","stacktrace":"io.appium.uiautomator2.common.exceptions.ElementNotFoundException: An element could not be located on the page using the given search parameters\n\tat io.appium.uiautomator2.utils.ElementLocationHelpers.findElement(ElementLocationHelpers.java:156)\n\tat io.appium.uiautomator2.handler.FindElement.safeHandle(FindElement.java:60)\n\tat io.appium.uiautomator2.handler.request.SafeRequestHandler.handle(SafeRequestHandler.java:59)\n\tat io.appium.uiautomator2.server.AppiumServlet.handleRequest(AppiumServlet.java:277)\n\tat io.appium.uiautomator2.server.AppiumServlet.handleHttpRequest(AppiumServlet.java:271)\n\tat io.appium.uiautomator2.http.ServerHandler.channelRead(ServerHandler.java:68)\n\tat io.netty.channel.AbstractChannelHandlerContext.invokeChannelRead(AbstractChannelHandlerContext.java:366)\n\tat io.netty.channel.Abstr...
[debug] [38;5;128m[W3C][0m Matched W3C error code 'no such element' to NoSuchElementError
[debug] [38;5;32m[AndroidUiautomator2Driver@de7e (5ea0bc9c)][0m Encountered internal error running command: NoSuchElementError: An element could not be located on the page using the given search parameters.
[debug] [38;5;32m[AndroidUiautomator2Driver@de7e (5ea0bc9c)][0m     at AndroidUiautomator2Driver.findElOrEls (E:\Pelatihan\TA-Sanber\node_modules\appium-uiautomator2-driver\node_modules\appium-android-driver\lib\commands\find.js:75:11)
[debug] [38;5;32m[AndroidUiautomator2Driver@de7e (5ea0bc9c)][0m     at processTicksAndRejections (node:internal/process/task_queues:95:5)
[debug] [38;5;32m[AndroidUiautomator2Driver@de7e (5ea0bc9c)][0m     at AndroidUiautomator2Driver.findElOrElsWithProcessing (E:\Pelatihan\TA-Sanber\node_modules\@appium\base-driver\lib\basedriver\commands\find.ts:60:12)
[debug] [38;5;32m[AndroidUiautomator2Driver@de7e (5ea0bc9c)][0m     at AndroidUiautomator2Driver.findElement (E:\Pelatihan\TA-Sanber\node_modules\@appium\base-driver\lib\basedriver\commands\find.ts:75:12)
[38;5;0m[HTTP][0m [37m<-- POST /session/5ea0bc9c-c3d9-4c7e-a690-e8414dae8ee8/element [39m[33m404[39m [90m1010 ms - 815[39m
[38;5;0m[HTTP][0m [90m[39m
[38;5;0m[HTTP][0m [37m-->[39m [37mPOST[39m [37m/session/5ea0bc9c-c3d9-4c7e-a690-e8414dae8ee8/elements[39m
[38;5;0m[HTTP][0m [90m{"using":"xpath","value":"//android.widget.EditText[@resource-id='com.fghilmany.dietmealapp:id/et_name']"}[39m
[debug] [38;5;32m[AndroidUiautomator2Driver@de7e (5ea0bc9c)][0m Calling AppiumDriver.findElements() with args: ["xpath","//android.widget.EditText[@resource-id='com.fghilmany.dietmealapp:id/et_name']","5ea0bc9c-c3d9-4c7e-a690-e8414dae8ee8"]
[debug] [38;5;32m[AndroidUiautomator2Driver@de7e (5ea0bc9c)][0m Valid locator strategies for this request: xpath, id, class name, accessibility id, css selector, -android uiautomator
[debug] [38;5;32m[AndroidUiautomator2Driver@de7e (5ea0bc9c)][0m Waiting up to 0 ms for condition
[debug] [38;5;32m[AndroidUiautomator2Driver@de7e (5ea0bc9c)][0m Matched '/elements' to command name 'findElements'
[debug] [38;5;32m[AndroidUiautomator2Driver@de7e (5ea0bc9c)][0m Proxying [POST /elements] to [POST http://127.0.0.1:8200/session/ac2981af-cf0b-4ec3-a14d-55860d0c33c4/elements] with body: {"strategy":"xpath","selector":"//android.widget.EditText[@resource-id='com.fghilmany.dietmealapp:id/et_name']","context":"","multiple":true}
[debug] [38;5;32m[AndroidUiautomator2Driver@de7e (5ea0bc9c)][0m Got response with status 200: {"sessionId":"ac2981af-cf0b-4ec3-a14d-55860d0c33c4","value":[]}
[debug] [38;5;32m[AndroidUiautomator2Driver@de7e (5ea0bc9c)][0m Responding to client with driver.findElements() result: []
[38;5;0m[HTTP][0m [37m<-- POST /session/5ea0bc9c-c3d9-4c7e-a690-e8414dae8ee8/elements [39m[32m200[39m [90m82 ms - 12[39m
[38;5;0m[HTTP][0m [90m[39m
[38;5;0m[HTTP][0m [37m-->[39m [37mPOST[39m [37m/session/5ea0bc9c-c3d9-4c7e-a690-e8414dae8ee8/elements[39m
[38;5;0m[HTTP][0m [90m{"using":"xpath","value":"//android.widget.EditText[@resource-id='com.fghilmany.dietmealapp:id/et_name']"}[39m
[debug] [38;5;32m[AndroidUiautomator2Driver@de7e (5ea0bc9c)][0m Calling AppiumDriver.findElements() with args: ["xpath","//android.widget.EditText[@resource-id='com.fghilmany.dietmealapp:id/et_name']","5ea0bc9c-c3d9-4c7e-a690-e8414dae8ee8"]
[debug] [38;5;32m[AndroidUiautomator2Driver@de7e (5ea0bc9c)][0m Valid locator strategies for this request: xpath, id, class name, accessibility id, css selector, -android uiautomator
[debug] [38;5;32m[AndroidUiautomator2Driver@de7e (5ea0bc9c)][0m Waiting up to 0 ms for condition
[debug] [38;5;32m[AndroidUiautomator2Driver@de7e (5ea0bc9c)][0m Matched '/elements' to command name 'findElements'
[debug] [38;5;32m[AndroidUiautomator2Driver@de7e (5ea0bc9c)][0m Proxying [POST /elements] to [POST http://127.0.0.1:8200/session/ac2981af-cf0b-4ec3-a14d-55860d0c33c4/elements] with body: {"strategy":"xpath","selector":"//android.widget.EditText[@resource-id='com.fghilmany.dietmealapp:id/et_name']","context":"","multiple":true}
[debug] [38;5;32m[AndroidUiautomator2Driver@de7e (5ea0bc9c)][0m Got response with status 200: {"sessionId":"ac2981af-cf0b-4ec3-a14d-55860d0c33c4","value":[]}
[debug] [38;5;32m[AndroidUiautomator2Driver@de7e (5ea0bc9c)][0m Responding to client with driver.findElements() result: []
[38;5;0m[HTTP][0m [37m<-- POST /session/5ea0bc9c-c3d9-4c7e-a690-e8414dae8ee8/elements [39m[32m200[39m [90m106 ms - 12[39m
[38;5;0m[HTTP][0m [90m[39m
[38;5;0m[HTTP][0m [37m-->[39m [37mPOST[39m [37m/session/5ea0bc9c-c3d9-4c7e-a690-e8414dae8ee8/elements[39m
[38;5;0m[HTTP][0m [90m{"using":"xpath","value":"//android.widget.EditText[@resource-id='com.fghilmany.dietmealapp:id/et_name']"}[39m
[debug] [38;5;32m[AndroidUiautomator2Driver@de7e (5ea0bc9c)][0m Calling AppiumDriver.findElements() with args: ["xpath","//android.widget.EditText[@resource-id='com.fghilmany.dietmealapp:id/et_name']","5ea0bc9c-c3d9-4c7e-a690-e8414dae8ee8"]
[debug] [38;5;32m[AndroidUiautomator2Driver@de7e (5ea0bc9c)][0m Valid locator strategies for this request: xpath, id, class name, accessibility id, css selector, -android uiautomator
[debug] [38;5;32m[AndroidUiautomator2Driver@de7e (5ea0bc9c)][0m Waiting up to 0 ms for condition
[debug] [38;5;32m[AndroidUiautomator2Driver@de7e (5ea0bc9c)][0m Matched '/elements' to command name 'findElements'
[debug] [38;5;32m[AndroidUiautomator2Driver@de7e (5ea0bc9c)][0m Proxying [POST /elements] to [POST http://127.0.0.1:8200/session/ac2981af-cf0b-4ec3-a14d-55860d0c33c4/elements] with body: {"strategy":"xpath","selector":"//android.widget.EditText[@resource-id='com.fghilmany.dietmealapp:id/et_name']","context":"","multiple":true}
[debug] [38;5;32m[AndroidUiautomator2Driver@de7e (5ea0bc9c)][0m Got response with status 200: {"sessionId":"ac2981af-cf0b-4ec3-a14d-55860d0c33c4","value":[]}
[debug] [38;5;32m[AndroidUiautomator2Driver@de7e (5ea0bc9c)][0m Responding to client with driver.findElements() result: []
[38;5;0m[HTTP][0m [37m<-- POST /session/5ea0bc9c-c3d9-4c7e-a690-e8414dae8ee8/elements [39m[32m200[39m [90m103 ms - 12[39m
[38;5;0m[HTTP][0m [90m[39m
[38;5;0m[HTTP][0m [37m-->[39m [37mPOST[39m [37m/session/5ea0bc9c-c3d9-4c7e-a690-e8414dae8ee8/elements[39m
[38;5;0m[HTTP][0m [90m{"using":"xpath","value":"//android.widget.EditText[@resource-id='com.fghilmany.dietmealapp:id/et_name']"}[39m
[debug] [38;5;32m[AndroidUiautomator2Driver@de7e (5ea0bc9c)][0m Calling AppiumDriver.findElements() with args: ["xpath","//android.widget.EditText[@resource-id='com.fghilmany.dietmealapp:id/et_name']","5ea0bc9c-c3d9-4c7e-a690-e8414dae8ee8"]
[debug] [38;5;32m[AndroidUiautomator2Driver@de7e (5ea0bc9c)][0m Valid locator strategies for this request: xpath, id, class name, accessibility id, css selector, -android uiautomator
[debug] [38;5;32m[AndroidUiautomator2Driver@de7e (5ea0bc9c)][0m Waiting up to 0 ms for condition
[debug] [38;5;32m[AndroidUiautomator2Driver@de7e (5ea0bc9c)][0m Matched '/elements' to command name 'findElements'
[debug] [38;5;32m[AndroidUiautomator2Driver@de7e (5ea0bc9c)][0m Proxying [POST /elements] to [POST http://127.0.0.1:8200/session/ac2981af-cf0b-4ec3-a14d-55860d0c33c4/elements] with body: {"strategy":"xpath","selector":"//android.widget.EditText[@resource-id='com.fghilmany.dietmealapp:id/et_name']","context":"","multiple":true}
[debug] [38;5;32m[AndroidUiautomator2Driver@de7e (5ea0bc9c)][0m Got response with status 200: {"sessionId":"ac2981af-cf0b-4ec3-a14d-55860d0c33c4","value":[]}
[debug] [38;5;32m[AndroidUiautomator2Driver@de7e (5ea0bc9c)][0m Responding to client with driver.findElements() result: []
[38;5;0m[HTTP][0m [37m<-- POST /session/5ea0bc9c-c3d9-4c7e-a690-e8414dae8ee8/elements [39m[32m200[39m [90m229 ms - 12[39m
[38;5;0m[HTTP][0m [90m[39m
[38;5;0m[HTTP][0m [37m-->[39m [37mPOST[39m [37m/session/5ea0bc9c-c3d9-4c7e-a690-e8414dae8ee8/elements[39m
[38;5;0m[HTTP][0m [90m{"using":"xpath","value":"//android.widget.EditText[@resource-id='com.fghilmany.dietmealapp:id/et_name']"}[39m
[debug] [38;5;32m[AndroidUiautomator2Driver@de7e (5ea0bc9c)][0m Calling AppiumDriver.findElements() with args: ["xpath","//android.widget.EditText[@resource-id='com.fghilmany.dietmealapp:id/et_name']","5ea0bc9c-c3d9-4c7e-a690-e8414dae8ee8"]
[debug] [38;5;32m[AndroidUiautomator2Driver@de7e (5ea0bc9c)][0m Valid locator strategies for this request: xpath, id, class name, accessibility id, css selector, -android uiautomator
[debug] [38;5;32m[AndroidUiautomator2Driver@de7e (5ea0bc9c)][0m Waiting up to 0 ms for condition
[debug] [38;5;32m[AndroidUiautomator2Driver@de7e (5ea0bc9c)][0m Matched '/elements' to command name 'findElements'
[debug] [38;5;32m[AndroidUiautomator2Driver@de7e (5ea0bc9c)][0m Proxying [POST /elements] to [POST http://127.0.0.1:8200/session/ac2981af-cf0b-4ec3-a14d-55860d0c33c4/elements] with body: {"strategy":"xpath","selector":"//android.widget.EditText[@resource-id='com.fghilmany.dietmealapp:id/et_name']","context":"","multiple":true}
[debug] [38;5;32m[AndroidUiautomator2Driver@de7e (5ea0bc9c)][0m Got response with status 200: {"sessionId":"ac2981af-cf0b-4ec3-a14d-55860d0c33c4","value":[{"ELEMENT":"00000000-0000-00d6-ffff-ffff00000012","element-6066-11e4-a52e-4f735466cecf":"00000000-0000-00d6-ffff-ffff00000012"}]}
[debug] [38;5;32m[AndroidUiautomator2Driver@de7e (5ea0bc9c)][0m Responding to client with driver.findElements() result: [{"element-6066-11e4-a52e-4f735466cecf":"00000000-0000-00d6-ffff-ffff00000012","ELEMENT":"00000000-0000-00d6-ffff-ffff00000012"}]
[38;5;0m[HTTP][0m [37m<-- POST /session/5ea0bc9c-c3d9-4c7e-a690-e8414dae8ee8/elements [39m[32m200[39m [90m434 ms - 139[39m
[38;5;0m[HTTP][0m [90m[39m
[38;5;0m[HTTP][0m [37m-->[39m [37mPOST[39m [37m/session/5ea0bc9c-c3d9-4c7e-a690-e8414dae8ee8/element[39m
[38;5;0m[HTTP][0m [90m{"using":"xpath","value":"//android.widget.EditText[@resource-id='com.fghilmany.dietmealapp:id/et_name']"}[39m
[debug] [38;5;32m[AndroidUiautomator2Driver@de7e (5ea0bc9c)][0m Calling AppiumDriver.findElement() with args: ["xpath","//android.widget.EditText[@resource-id='com.fghilmany.dietmealapp:id/et_name']","5ea0bc9c-c3d9-4c7e-a690-e8414dae8ee8"]
[debug] [38;5;32m[AndroidUiautomator2Driver@de7e (5ea0bc9c)][0m Valid locator strategies for this request: xpath, id, class name, accessibility id, css selector, -android uiautomator
[debug] [38;5;32m[AndroidUiautomator2Driver@de7e (5ea0bc9c)][0m Waiting up to 0 ms for condition
[debug] [38;5;32m[AndroidUiautomator2Driver@de7e (5ea0bc9c)][0m Matched '/element' to command name 'findElement'
[debug] [38;5;32m[AndroidUiautomator2Driver@de7e (5ea0bc9c)][0m Proxying [POST /element] to [POST http://127.0.0.1:8200/session/ac2981af-cf0b-4ec3-a14d-55860d0c33c4/element] with body: {"strategy":"xpath","selector":"//android.widget.EditText[@resource-id='com.fghilmany.dietmealapp:id/et_name']","context":"","multiple":false}
[debug] [38;5;32m[AndroidUiautomator2Driver@de7e (5ea0bc9c)][0m Got response with status 200: {"sessionId":"ac2981af-cf0b-4ec3-a14d-55860d0c33c4","value":{"ELEMENT":"00000000-0000-00d6-ffff-ffff00000012","element-6066-11e4-a52e-4f735466cecf":"00000000-0000-00d6-ffff-ffff00000012"}}
[debug] [38;5;32m[AndroidUiautomator2Driver@de7e (5ea0bc9c)][0m Responding to client with driver.findElement() result: {"element-6066-11e4-a52e-4f735466cecf":"00000000-0000-00d6-ffff-ffff00000012","ELEMENT":"00000000-0000-00d6-ffff-ffff00000012"}
[38;5;0m[HTTP][0m [37m<-- POST /session/5ea0bc9c-c3d9-4c7e-a690-e8414dae8ee8/element [39m[32m200[39m [90m656 ms - 137[39m
[38;5;0m[HTTP][0m [90m[39m
[38;5;0m[HTTP][0m [37m-->[39m [37mPOST[39m [37m/session/5ea0bc9c-c3d9-4c7e-a690-e8414dae8ee8/element/00000000-0000-00d6-ffff-ffff00000012/click[39m
[38;5;0m[HTTP][0m [90m{}[39m
[debug] [38;5;32m[AndroidUiautomator2Driver@de7e (5ea0bc9c)][0m Calling AppiumDriver.click() with args: ["00000000-0000-00d6-ffff-ffff00000012","5ea0bc9c-c3d9-4c7e-a690-e8414dae8ee8"]
[debug] [38;5;32m[AndroidUiautomator2Driver@de7e (5ea0bc9c)][0m Matched '/element/00000000-0000-00d6-ffff-ffff00000012/click' to command name 'click'
[debug] [38;5;32m[AndroidUiautomator2Driver@de7e (5ea0bc9c)][0m Proxying [POST /element/00000000-0000-00d6-ffff-ffff00000012/click] to [POST http://127.0.0.1:8200/session/ac2981af-cf0b-4ec3-a14d-55860d0c33c4/element/00000000-0000-00d6-ffff-ffff00000012/click] with body: {"element":"00000000-0000-00d6-ffff-ffff00000012"}
[debug] [38;5;32m[AndroidUiautomator2Driver@de7e (5ea0bc9c)][0m Got response with status 200: {"sessionId":"ac2981af-cf0b-4ec3-a14d-55860d0c33c4","value":null}
[debug] [38;5;32m[AndroidUiautomator2Driver@de7e (5ea0bc9c)][0m Responding to client with driver.click() result: null
[38;5;0m[HTTP][0m [37m<-- POST /session/5ea0bc9c-c3d9-4c7e-a690-e8414dae8ee8/element/00000000-0000-00d6-ffff-ffff00000012/click [39m[32m200[39m [90m115 ms - 14[39m
[38;5;0m[HTTP][0m [90m[39m
[38;5;0m[HTTP][0m [37m-->[39m [37mPOST[39m [37m/session/5ea0bc9c-c3d9-4c7e-a690-e8414dae8ee8/element[39m
[38;5;0m[HTTP][0m [90m{"using":"xpath","value":"//android.widget.EditText[@resource-id='com.fghilmany.dietmealapp:id/et_name']"}[39m
[debug] [38;5;32m[AndroidUiautomator2Driver@de7e (5ea0bc9c)][0m Calling AppiumDriver.findElement() with args: ["xpath","//android.widget.EditText[@resource-id='com.fghilmany.dietmealapp:id/et_name']","5ea0bc9c-c3d9-4c7e-a690-e8414dae8ee8"]
[debug] [38;5;32m[AndroidUiautomator2Driver@de7e (5ea0bc9c)][0m Valid locator strategies for this request: xpath, id, class name, accessibility id, css selector, -android uiautomator
[debug] [38;5;32m[AndroidUiautomator2Driver@de7e (5ea0bc9c)][0m Waiting up to 0 ms for condition
[debug] [38;5;32m[AndroidUiautomator2Driver@de7e (5ea0bc9c)][0m Matched '/element' to command name 'findElement'
[debug] [38;5;32m[AndroidUiautomator2Driver@de7e (5ea0bc9c)][0m Proxying [POST /element] to [POST http://127.0.0.1:8200/session/ac2981af-cf0b-4ec3-a14d-55860d0c33c4/element] with body: {"strategy":"xpath","selector":"//android.widget.EditText[@resource-id='com.fghilmany.dietmealapp:id/et_name']","context":"","multiple":false}
[debug] [38;5;32m[AndroidUiautomator2Driver@de7e (5ea0bc9c)][0m Got response with status 200: {"sessionId":"ac2981af-cf0b-4ec3-a14d-55860d0c33c4","value":{"ELEMENT":"00000000-0000-00d6-ffff-ffff00000012","element-6066-11e4-a52e-4f735466cecf":"00000000-0000-00d6-ffff-ffff00000012"}}
[debug] [38;5;32m[AndroidUiautomator2Driver@de7e (5ea0bc9c)][0m Responding to client with driver.findElement() result: {"element-6066-11e4-a52e-4f735466cecf":"00000000-0000-00d6-ffff-ffff00000012","ELEMENT":"00000000-0000-00d6-ffff-ffff00000012"}
[38;5;0m[HTTP][0m [37m<-- POST /session/5ea0bc9c-c3d9-4c7e-a690-e8414dae8ee8/element [39m[32m200[39m [90m1304 ms - 137[39m
[38;5;0m[HTTP][0m [90m[39m
[38;5;0m[HTTP][0m [37m-->[39m [37mPOST[39m [37m/session/5ea0bc9c-c3d9-4c7e-a690-e8414dae8ee8/element/00000000-0000-00d6-ffff-ffff00000012/clear[39m
[38;5;0m[HTTP][0m [90m{}[39m
[debug] [38;5;32m[AndroidUiautomator2Driver@de7e (5ea0bc9c)][0m Calling AppiumDriver.clear() with args: ["00000000-0000-00d6-ffff-ffff00000012","5ea0bc9c-c3d9-4c7e-a690-e8414dae8ee8"]
[debug] [38;5;32m[AndroidUiautomator2Driver@de7e (5ea0bc9c)][0m Matched '/element/00000000-0000-00d6-ffff-ffff00000012/clear' to command name 'clear'
[debug] [38;5;32m[AndroidUiautomator2Driver@de7e (5ea0bc9c)][0m Proxying [POST /element/00000000-0000-00d6-ffff-ffff00000012/clear] to [POST http://127.0.0.1:8200/session/ac2981af-cf0b-4ec3-a14d-55860d0c33c4/element/00000000-0000-00d6-ffff-ffff00000012/clear] with body: {"elementId":"00000000-0000-00d6-ffff-ffff00000012"}
[debug] [38;5;32m[AndroidUiautomator2Driver@de7e (5ea0bc9c)][0m Got response with status 200: {"sessionId":"ac2981af-cf0b-4ec3-a14d-55860d0c33c4","value":null}
[debug] [38;5;32m[AndroidUiautomator2Driver@de7e (5ea0bc9c)][0m Responding to client with driver.clear() result: null
[38;5;0m[HTTP][0m [37m<-- POST /session/5ea0bc9c-c3d9-4c7e-a690-e8414dae8ee8/element/00000000-0000-00d6-ffff-ffff00000012/clear [39m[32m200[39m [90m40 ms - 14[39m
[38;5;0m[HTTP][0m [90m[39m
[38;5;0m[HTTP][0m [37m-->[39m [37mPOST[39m [37m/session/5ea0bc9c-c3d9-4c7e-a690-e8414dae8ee8/element/00000000-0000-00d6-ffff-ffff00000012/value[39m
[38;5;0m[HTTP][0m [90m{"text":"Fauzan R"}[39m
[debug] [38;5;32m[AndroidUiautomator2Driver@de7e (5ea0bc9c)][0m Calling AppiumDriver.setValue() with args: ["Fauzan R","00000000-0000-00d6-ffff-ffff00000012","5ea0bc9c-c3d9-4c7e-a690-e8414dae8ee8"]
[debug] [38;5;32m[AndroidUiautomator2Driver@de7e (5ea0bc9c)][0m Matched '/element/00000000-0000-00d6-ffff-ffff00000012/value' to command name 'setValue'
[debug] [38;5;32m[AndroidUiautomator2Driver@de7e (5ea0bc9c)][0m Added 'value' property ["F","a","u","z","a","n"," ","R"] to 'setValue' request body
[debug] [38;5;32m[AndroidUiautomator2Driver@de7e (5ea0bc9c)][0m Proxying [POST /element/00000000-0000-00d6-ffff-ffff00000012/value] to [POST http://127.0.0.1:8200/session/ac2981af-cf0b-4ec3-a14d-55860d0c33c4/element/00000000-0000-00d6-ffff-ffff00000012/value] with body: {"elementId":"00000000-0000-00d6-ffff-ffff00000012","text":"Fauzan R","replace":false,"value":["F","a","u","z","a","n"," ","R"]}
[debug] [38;5;32m[AndroidUiautomator2Driver@de7e (5ea0bc9c)][0m Got response with status 200: {"sessionId":"ac2981af-cf0b-4ec3-a14d-55860d0c33c4","value":null}
[debug] [38;5;32m[AndroidUiautomator2Driver@de7e (5ea0bc9c)][0m Responding to client with driver.setValue() result: null
[38;5;0m[HTTP][0m [37m<-- POST /session/5ea0bc9c-c3d9-4c7e-a690-e8414dae8ee8/element/00000000-0000-00d6-ffff-ffff00000012/value [39m[32m200[39m [90m1368 ms - 14[39m
[38;5;0m[HTTP][0m [90m[39m
[38;5;0m[HTTP][0m [37m-->[39m [37mPOST[39m [37m/session/5ea0bc9c-c3d9-4c7e-a690-e8414dae8ee8/element[39m
[38;5;0m[HTTP][0m [90m{"using":"xpath","value":"//android.widget.EditText[@resource-id='com.fghilmany.dietmealapp:id/et_weight']"}[39m
[debug] [38;5;32m[AndroidUiautomator2Driver@de7e (5ea0bc9c)][0m Calling AppiumDriver.findElement() with args: ["xpath","//android.widget.EditText[@resource-id='com.fghilmany.dietmealapp:id/et_weight']","5ea0bc9c-c3d9-4c7e-a690-e8414dae8ee8"]
[debug] [38;5;32m[AndroidUiautomator2Driver@de7e (5ea0bc9c)][0m Valid locator strategies for this request: xpath, id, class name, accessibility id, css selector, -android uiautomator
[debug] [38;5;32m[AndroidUiautomator2Driver@de7e (5ea0bc9c)][0m Waiting up to 0 ms for condition
[debug] [38;5;32m[AndroidUiautomator2Driver@de7e (5ea0bc9c)][0m Matched '/element' to command name 'findElement'
[debug] [38;5;32m[AndroidUiautomator2Driver@de7e (5ea0bc9c)][0m Proxying [POST /element] to [POST http://127.0.0.1:8200/session/ac2981af-cf0b-4ec3-a14d-55860d0c33c4/element] with body: {"strategy":"xpath","selector":"//android.widget.EditText[@resource-id='com.fghilmany.dietmealapp:id/et_weight']","context":"","multiple":false}
[debug] [38;5;32m[AndroidUiautomator2Driver@de7e (5ea0bc9c)][0m Got response with status 200: {"sessionId":"ac2981af-cf0b-4ec3-a14d-55860d0c33c4","value":{"ELEMENT":"00000000-0000-00d6-ffff-ffff0000001e","element-6066-11e4-a52e-4f735466cecf":"00000000-0000-00d6-ffff-ffff0000001e"}}
[debug] [38;5;32m[AndroidUiautomator2Driver@de7e (5ea0bc9c)][0m Responding to client with driver.findElement() result: {"element-6066-11e4-a52e-4f735466cecf":"00000000-0000-00d6-ffff-ffff0000001e","ELEMENT":"00000000-0000-00d6-ffff-ffff0000001e"}
[38;5;0m[HTTP][0m [37m<-- POST /session/5ea0bc9c-c3d9-4c7e-a690-e8414dae8ee8/element [39m[32m200[39m [90m812 ms - 137[39m
[38;5;0m[HTTP][0m [90m[39m
[38;5;0m[HTTP][0m [37m-->[39m [37mPOST[39m [37m/session/5ea0bc9c-c3d9-4c7e-a690-e8414dae8ee8/element/00000000-0000-00d6-ffff-ffff0000001e/click[39m
[38;5;0m[HTTP][0m [90m{}[39m
[debug] [38;5;32m[AndroidUiautomator2Driver@de7e (5ea0bc9c)][0m Calling AppiumDriver.click() with args: ["00000000-0000-00d6-ffff-ffff0000001e","5ea0bc9c-c3d9-4c7e-a690-e8414dae8ee8"]
[debug] [38;5;32m[AndroidUiautomator2Driver@de7e (5ea0bc9c)][0m Matched '/element/00000000-0000-00d6-ffff-ffff0000001e/click' to command name 'click'
[debug] [38;5;32m[AndroidUiautomator2Driver@de7e (5ea0bc9c)][0m Proxying [POST /element/00000000-0000-00d6-ffff-ffff0000001e/click] to [POST http://127.0.0.1:8200/session/ac2981af-cf0b-4ec3-a14d-55860d0c33c4/element/00000000-0000-00d6-ffff-ffff0000001e/click] with body: {"element":"00000000-0000-00d6-ffff-ffff0000001e"}
[debug] [38;5;32m[AndroidUiautomator2Driver@de7e (5ea0bc9c)][0m Got response with status 200: {"sessionId":"ac2981af-cf0b-4ec3-a14d-55860d0c33c4","value":null}
[debug] [38;5;32m[AndroidUiautomator2Driver@de7e (5ea0bc9c)][0m Responding to client with driver.click() result: null
[38;5;0m[HTTP][0m [37m<-- POST /session/5ea0bc9c-c3d9-4c7e-a690-e8414dae8ee8/element/00000000-0000-00d6-ffff-ffff0000001e/click [39m[32m200[39m [90m103 ms - 14[39m
[38;5;0m[HTTP][0m [90m[39m
[38;5;0m[HTTP][0m [37m-->[39m [37mPOST[39m [37m/session/5ea0bc9c-c3d9-4c7e-a690-e8414dae8ee8/element[39m
[38;5;0m[HTTP][0m [90m{"using":"xpath","value":"//android.widget.EditText[@resource-id='com.fghilmany.dietmealapp:id/et_weight']"}[39m
[debug] [38;5;32m[AndroidUiautomator2Driver@de7e (5ea0bc9c)][0m Calling AppiumDriver.findElement() with args: ["xpath","//android.widget.EditText[@resource-id='com.fghilmany.dietmealapp:id/et_weight']","5ea0bc9c-c3d9-4c7e-a690-e8414dae8ee8"]
[debug] [38;5;32m[AndroidUiautomator2Driver@de7e (5ea0bc9c)][0m Valid locator strategies for this request: xpath, id, class name, accessibility id, css selector, -android uiautomator
[debug] [38;5;32m[AndroidUiautomator2Driver@de7e (5ea0bc9c)][0m Waiting up to 0 ms for condition
[debug] [38;5;32m[AndroidUiautomator2Driver@de7e (5ea0bc9c)][0m Matched '/element' to command name 'findElement'
[debug] [38;5;32m[AndroidUiautomator2Driver@de7e (5ea0bc9c)][0m Proxying [POST /element] to [POST http://127.0.0.1:8200/session/ac2981af-cf0b-4ec3-a14d-55860d0c33c4/element] with body: {"strategy":"xpath","selector":"//android.widget.EditText[@resource-id='com.fghilmany.dietmealapp:id/et_weight']","context":"","multiple":false}
[debug] [38;5;32m[AndroidUiautomator2Driver@de7e (5ea0bc9c)][0m Got response with status 200: {"sessionId":"ac2981af-cf0b-4ec3-a14d-55860d0c33c4","value":{"ELEMENT":"00000000-0000-00d6-ffff-ffff0000001e","element-6066-11e4-a52e-4f735466cecf":"00000000-0000-00d6-ffff-ffff0000001e"}}
[debug] [38;5;32m[AndroidUiautomator2Driver@de7e (5ea0bc9c)][0m Responding to client with driver.findElement() result: {"element-6066-11e4-a52e-4f735466cecf":"00000000-0000-00d6-ffff-ffff0000001e","ELEMENT":"00000000-0000-00d6-ffff-ffff0000001e"}
[38;5;0m[HTTP][0m [37m<-- POST /session/5ea0bc9c-c3d9-4c7e-a690-e8414dae8ee8/element [39m[32m200[39m [90m846 ms - 137[39m
[38;5;0m[HTTP][0m [90m[39m
[38;5;0m[HTTP][0m [37m-->[39m [37mPOST[39m [37m/session/5ea0bc9c-c3d9-4c7e-a690-e8414dae8ee8/element/00000000-0000-00d6-ffff-ffff0000001e/clear[39m
[38;5;0m[HTTP][0m [90m{}[39m
[debug] [38;5;32m[AndroidUiautomator2Driver@de7e (5ea0bc9c)][0m Calling AppiumDriver.clear() with args: ["00000000-0000-00d6-ffff-ffff0000001e","5ea0bc9c-c3d9-4c7e-a690-e8414dae8ee8"]
[debug] [38;5;32m[AndroidUiautomator2Driver@de7e (5ea0bc9c)][0m Matched '/element/00000000-0000-00d6-ffff-ffff0000001e/clear' to command name 'clear'
[debug] [38;5;32m[AndroidUiautomator2Driver@de7e (5ea0bc9c)][0m Proxying [POST /element/00000000-0000-00d6-ffff-ffff0000001e/clear] to [POST http://127.0.0.1:8200/session/ac2981af-cf0b-4ec3-a14d-55860d0c33c4/element/00000000-0000-00d6-ffff-ffff0000001e/clear] with body: {"elementId":"00000000-0000-00d6-ffff-ffff0000001e"}
[debug] [38;5;32m[AndroidUiautomator2Driver@de7e (5ea0bc9c)][0m Got response with status 200: {"sessionId":"ac2981af-cf0b-4ec3-a14d-55860d0c33c4","value":null}
[debug] [38;5;32m[AndroidUiautomator2Driver@de7e (5ea0bc9c)][0m Responding to client with driver.clear() result: null
[38;5;0m[HTTP][0m [37m<-- POST /session/5ea0bc9c-c3d9-4c7e-a690-e8414dae8ee8/element/00000000-0000-00d6-ffff-ffff0000001e/clear [39m[32m200[39m [90m43 ms - 14[39m
[38;5;0m[HTTP][0m [90m[39m
[38;5;0m[HTTP][0m [37m-->[39m [37mPOST[39m [37m/session/5ea0bc9c-c3d9-4c7e-a690-e8414dae8ee8/element/00000000-0000-00d6-ffff-ffff0000001e/value[39m
[38;5;0m[HTTP][0m [90m{"text":"79"}[39m
[debug] [38;5;32m[AndroidUiautomator2Driver@de7e (5ea0bc9c)][0m Calling AppiumDriver.setValue() with args: ["79","00000000-0000-00d6-ffff-ffff0000001e","5ea0bc9c-c3d9-4c7e-a690-e8414dae8ee8"]
[debug] [38;5;32m[AndroidUiautomator2Driver@de7e (5ea0bc9c)][0m Matched '/element/00000000-0000-00d6-ffff-ffff0000001e/value' to command name 'setValue'
[debug] [38;5;32m[AndroidUiautomator2Driver@de7e (5ea0bc9c)][0m Added 'value' property ["7","9"] to 'setValue' request body
[debug] [38;5;32m[AndroidUiautomator2Driver@de7e (5ea0bc9c)][0m Proxying [POST /element/00000000-0000-00d6-ffff-ffff0000001e/value] to [POST http://127.0.0.1:8200/session/ac2981af-cf0b-4ec3-a14d-55860d0c33c4/element/00000000-0000-00d6-ffff-ffff0000001e/value] with body: {"elementId":"00000000-0000-00d6-ffff-ffff0000001e","text":"79","replace":false,"value":["7","9"]}
[debug] [38;5;32m[AndroidUiautomator2Driver@de7e (5ea0bc9c)][0m Got response with status 200: {"sessionId":"ac2981af-cf0b-4ec3-a14d-55860d0c33c4","value":null}
[debug] [38;5;32m[AndroidUiautomator2Driver@de7e (5ea0bc9c)][0m Responding to client with driver.setValue() result: null
[38;5;0m[HTTP][0m [37m<-- POST /session/5ea0bc9c-c3d9-4c7e-a690-e8414dae8ee8/element/00000000-0000-00d6-ffff-ffff0000001e/value [39m[32m200[39m [90m1420 ms - 14[39m
[38;5;0m[HTTP][0m [90m[39m
[38;5;0m[HTTP][0m [37m-->[39m [37mPOST[39m [37m/session/5ea0bc9c-c3d9-4c7e-a690-e8414dae8ee8/element[39m
[38;5;0m[HTTP][0m [90m{"using":"xpath","value":"//android.widget.EditText[@resource-id='com.fghilmany.dietmealapp:id/et_height']"}[39m
[debug] [38;5;32m[AndroidUiautomator2Driver@de7e (5ea0bc9c)][0m Calling AppiumDriver.findElement() with args: ["xpath","//android.widget.EditText[@resource-id='com.fghilmany.dietmealapp:id/et_height']","5ea0bc9c-c3d9-4c7e-a690-e8414dae8ee8"]
[debug] [38;5;32m[AndroidUiautomator2Driver@de7e (5ea0bc9c)][0m Valid locator strategies for this request: xpath, id, class name, accessibility id, css selector, -android uiautomator
[debug] [38;5;32m[AndroidUiautomator2Driver@de7e (5ea0bc9c)][0m Waiting up to 0 ms for condition
[debug] [38;5;32m[AndroidUiautomator2Driver@de7e (5ea0bc9c)][0m Matched '/element' to command name 'findElement'
[debug] [38;5;32m[AndroidUiautomator2Driver@de7e (5ea0bc9c)][0m Proxying [POST /element] to [POST http://127.0.0.1:8200/session/ac2981af-cf0b-4ec3-a14d-55860d0c33c4/element] with body: {"strategy":"xpath","selector":"//android.widget.EditText[@resource-id='com.fghilmany.dietmealapp:id/et_height']","context":"","multiple":false}
[debug] [38;5;32m[AndroidUiautomator2Driver@de7e (5ea0bc9c)][0m Got response with status 200: {"sessionId":"ac2981af-cf0b-4ec3-a14d-55860d0c33c4","value":{"ELEMENT":"00000000-0000-00d6-ffff-ffff0000002a","element-6066-11e4-a52e-4f735466cecf":"00000000-0000-00d6-ffff-ffff0000002a"}}
[debug] [38;5;32m[AndroidUiautomator2Driver@de7e (5ea0bc9c)][0m Responding to client with driver.findElement() result: {"element-6066-11e4-a52e-4f735466cecf":"00000000-0000-00d6-ffff-ffff0000002a","ELEMENT":"00000000-0000-00d6-ffff-ffff0000002a"}
[38;5;0m[HTTP][0m [37m<-- POST /session/5ea0bc9c-c3d9-4c7e-a690-e8414dae8ee8/element [39m[32m200[39m [90m819 ms - 137[39m
[38;5;0m[HTTP][0m [90m[39m
[38;5;0m[HTTP][0m [37m-->[39m [37mPOST[39m [37m/session/5ea0bc9c-c3d9-4c7e-a690-e8414dae8ee8/element/00000000-0000-00d6-ffff-ffff0000002a/click[39m
[38;5;0m[HTTP][0m [90m{}[39m
[debug] [38;5;32m[AndroidUiautomator2Driver@de7e (5ea0bc9c)][0m Calling AppiumDriver.click() with args: ["00000000-0000-00d6-ffff-ffff0000002a","5ea0bc9c-c3d9-4c7e-a690-e8414dae8ee8"]
[debug] [38;5;32m[AndroidUiautomator2Driver@de7e (5ea0bc9c)][0m Matched '/element/00000000-0000-00d6-ffff-ffff0000002a/click' to command name 'click'
[debug] [38;5;32m[AndroidUiautomator2Driver@de7e (5ea0bc9c)][0m Proxying [POST /element/00000000-0000-00d6-ffff-ffff0000002a/click] to [POST http://127.0.0.1:8200/session/ac2981af-cf0b-4ec3-a14d-55860d0c33c4/element/00000000-0000-00d6-ffff-ffff0000002a/click] with body: {"element":"00000000-0000-00d6-ffff-ffff0000002a"}
[debug] [38;5;32m[AndroidUiautomator2Driver@de7e (5ea0bc9c)][0m Got response with status 200: {"sessionId":"ac2981af-cf0b-4ec3-a14d-55860d0c33c4","value":null}
[debug] [38;5;32m[AndroidUiautomator2Driver@de7e (5ea0bc9c)][0m Responding to client with driver.click() result: null
[38;5;0m[HTTP][0m [37m<-- POST /session/5ea0bc9c-c3d9-4c7e-a690-e8414dae8ee8/element/00000000-0000-00d6-ffff-ffff0000002a/click [39m[32m200[39m [90m106 ms - 14[39m
[38;5;0m[HTTP][0m [90m[39m
[38;5;0m[HTTP][0m [37m-->[39m [37mPOST[39m [37m/session/5ea0bc9c-c3d9-4c7e-a690-e8414dae8ee8/element[39m
[38;5;0m[HTTP][0m [90m{"using":"xpath","value":"//android.widget.EditText[@resource-id='com.fghilmany.dietmealapp:id/et_height']"}[39m
[debug] [38;5;32m[AndroidUiautomator2Driver@de7e (5ea0bc9c)][0m Calling AppiumDriver.findElement() with args: ["xpath","//android.widget.EditText[@resource-id='com.fghilmany.dietmealapp:id/et_height']","5ea0bc9c-c3d9-4c7e-a690-e8414dae8ee8"]
[debug] [38;5;32m[AndroidUiautomator2Driver@de7e (5ea0bc9c)][0m Valid locator strategies for this request: xpath, id, class name, accessibility id, css selector, -android uiautomator
[debug] [38;5;32m[AndroidUiautomator2Driver@de7e (5ea0bc9c)][0m Waiting up to 0 ms for condition
[debug] [38;5;32m[AndroidUiautomator2Driver@de7e (5ea0bc9c)][0m Matched '/element' to command name 'findElement'
[debug] [38;5;32m[AndroidUiautomator2Driver@de7e (5ea0bc9c)][0m Proxying [POST /element] to [POST http://127.0.0.1:8200/session/ac2981af-cf0b-4ec3-a14d-55860d0c33c4/element] with body: {"strategy":"xpath","selector":"//android.widget.EditText[@resource-id='com.fghilmany.dietmealapp:id/et_height']","context":"","multiple":false}
[debug] [38;5;32m[AndroidUiautomator2Driver@de7e (5ea0bc9c)][0m Got response with status 200: {"sessionId":"ac2981af-cf0b-4ec3-a14d-55860d0c33c4","value":{"ELEMENT":"00000000-0000-00d6-ffff-ffff0000002a","element-6066-11e4-a52e-4f735466cecf":"00000000-0000-00d6-ffff-ffff0000002a"}}
[debug] [38;5;32m[AndroidUiautomator2Driver@de7e (5ea0bc9c)][0m Responding to client with driver.findElement() result: {"element-6066-11e4-a52e-4f735466cecf":"00000000-0000-00d6-ffff-ffff0000002a","ELEMENT":"00000000-0000-00d6-ffff-ffff0000002a"}
[38;5;0m[HTTP][0m [37m<-- POST /session/5ea0bc9c-c3d9-4c7e-a690-e8414dae8ee8/element [39m[32m200[39m [90m808 ms - 137[39m
[38;5;0m[HTTP][0m [90m[39m
[38;5;0m[HTTP][0m [37m-->[39m [37mPOST[39m [37m/session/5ea0bc9c-c3d9-4c7e-a690-e8414dae8ee8/element/00000000-0000-00d6-ffff-ffff0000002a/clear[39m
[38;5;0m[HTTP][0m [90m{}[39m
[debug] [38;5;32m[AndroidUiautomator2Driver@de7e (5ea0bc9c)][0m Calling AppiumDriver.clear() with args: ["00000000-0000-00d6-ffff-ffff0000002a","5ea0bc9c-c3d9-4c7e-a690-e8414dae8ee8"]
[debug] [38;5;32m[AndroidUiautomator2Driver@de7e (5ea0bc9c)][0m Matched '/element/00000000-0000-00d6-ffff-ffff0000002a/clear' to command name 'clear'
[debug] [38;5;32m[AndroidUiautomator2Driver@de7e (5ea0bc9c)][0m Proxying [POST /element/00000000-0000-00d6-ffff-ffff0000002a/clear] to [POST http://127.0.0.1:8200/session/ac2981af-cf0b-4ec3-a14d-55860d0c33c4/element/00000000-0000-00d6-ffff-ffff0000002a/clear] with body: {"elementId":"00000000-0000-00d6-ffff-ffff0000002a"}
[debug] [38;5;32m[AndroidUiautomator2Driver@de7e (5ea0bc9c)][0m Got response with status 200: {"sessionId":"ac2981af-cf0b-4ec3-a14d-55860d0c33c4","value":null}
[debug] [38;5;32m[AndroidUiautomator2Driver@de7e (5ea0bc9c)][0m Responding to client with driver.clear() result: null
[38;5;0m[HTTP][0m [37m<-- POST /session/5ea0bc9c-c3d9-4c7e-a690-e8414dae8ee8/element/00000000-0000-00d6-ffff-ffff0000002a/clear [39m[32m200[39m [90m42 ms - 14[39m
[38;5;0m[HTTP][0m [90m[39m
[38;5;0m[HTTP][0m [37m-->[39m [37mPOST[39m [37m/session/5ea0bc9c-c3d9-4c7e-a690-e8414dae8ee8/element/00000000-0000-00d6-ffff-ffff0000002a/value[39m
[38;5;0m[HTTP][0m [90m{"text":"160"}[39m
[debug] [38;5;32m[AndroidUiautomator2Driver@de7e (5ea0bc9c)][0m Calling AppiumDriver.setValue() with args: ["160","00000000-0000-00d6-ffff-ffff0000002a","5ea0bc9c-c3d9-4c7e-a690-e8414dae8ee8"]
[debug] [38;5;32m[AndroidUiautomator2Driver@de7e (5ea0bc9c)][0m Matched '/element/00000000-0000-00d6-ffff-ffff0000002a/value' to command name 'setValue'
[debug] [38;5;32m[AndroidUiautomator2Driver@de7e (5ea0bc9c)][0m Added 'value' property ["1","6","0"] to 'setValue' request body
[debug] [38;5;32m[AndroidUiautomator2Driver@de7e (5ea0bc9c)][0m Proxying [POST /element/00000000-0000-00d6-ffff-ffff0000002a/value] to [POST http://127.0.0.1:8200/session/ac2981af-cf0b-4ec3-a14d-55860d0c33c4/element/00000000-0000-00d6-ffff-ffff0000002a/value] with body: {"elementId":"00000000-0000-00d6-ffff-ffff0000002a","text":"160","replace":false,"value":["1","6","0"]}
[debug] [38;5;32m[AndroidUiautomator2Driver@de7e (5ea0bc9c)][0m Got response with status 200: {"sessionId":"ac2981af-cf0b-4ec3-a14d-55860d0c33c4","value":null}
[debug] [38;5;32m[AndroidUiautomator2Driver@de7e (5ea0bc9c)][0m Responding to client with driver.setValue() result: null
[38;5;0m[HTTP][0m [37m<-- POST /session/5ea0bc9c-c3d9-4c7e-a690-e8414dae8ee8/element/00000000-0000-00d6-ffff-ffff0000002a/value [39m[32m200[39m [90m1386 ms - 14[39m
[38;5;0m[HTTP][0m [90m[39m
[38;5;0m[HTTP][0m [37m-->[39m [37mPOST[39m [37m/session/5ea0bc9c-c3d9-4c7e-a690-e8414dae8ee8/element[39m
[38;5;0m[HTTP][0m [90m{"using":"xpath","value":"//android.widget.RadioButton[@resource-id='com.fghilmany.dietmealapp:id/rb_male']"}[39m
[debug] [38;5;32m[AndroidUiautomator2Driver@de7e (5ea0bc9c)][0m Calling AppiumDriver.findElement() with args: ["xpath","//android.widget.RadioButton[@resource-id='com.fghilmany.dietmealapp:id/rb_male']","5ea0bc9c-c3d9-4c7e-a690-e8414dae8ee8"]
[debug] [38;5;32m[AndroidUiautomator2Driver@de7e (5ea0bc9c)][0m Valid locator strategies for this request: xpath, id, class name, accessibility id, css selector, -android uiautomator
[debug] [38;5;32m[AndroidUiautomator2Driver@de7e (5ea0bc9c)][0m Waiting up to 0 ms for condition
[debug] [38;5;32m[AndroidUiautomator2Driver@de7e (5ea0bc9c)][0m Matched '/element' to command name 'findElement'
[debug] [38;5;32m[AndroidUiautomator2Driver@de7e (5ea0bc9c)][0m Proxying [POST /element] to [POST http://127.0.0.1:8200/session/ac2981af-cf0b-4ec3-a14d-55860d0c33c4/element] with body: {"strategy":"xpath","selector":"//android.widget.RadioButton[@resource-id='com.fghilmany.dietmealapp:id/rb_male']","context":"","multiple":false}
[debug] [38;5;32m[AndroidUiautomator2Driver@de7e (5ea0bc9c)][0m Got response with status 200: {"sessionId":"ac2981af-cf0b-4ec3-a14d-55860d0c33c4","value":{"ELEMENT":"00000000-0000-00d6-ffff-ffff00000035","element-6066-11e4-a52e-4f735466cecf":"00000000-0000-00d6-ffff-ffff00000035"}}
[debug] [38;5;32m[AndroidUiautomator2Driver@de7e (5ea0bc9c)][0m Responding to client with driver.findElement() result: {"element-6066-11e4-a52e-4f735466cecf":"00000000-0000-00d6-ffff-ffff00000035","ELEMENT":"00000000-0000-00d6-ffff-ffff00000035"}
[38;5;0m[HTTP][0m [37m<-- POST /session/5ea0bc9c-c3d9-4c7e-a690-e8414dae8ee8/element [39m[32m200[39m [90m812 ms - 137[39m
[38;5;0m[HTTP][0m [90m[39m
[38;5;0m[HTTP][0m [37m-->[39m [37mPOST[39m [37m/session/5ea0bc9c-c3d9-4c7e-a690-e8414dae8ee8/element/00000000-0000-00d6-ffff-ffff00000035/click[39m
[38;5;0m[HTTP][0m [90m{}[39m
[debug] [38;5;32m[AndroidUiautomator2Driver@dFauzan5ea0bc9c)][0m Calling AppiumDriver.click() with args: ["00000000-0000-00d6-ffff-ffff00000035","5ea0bc9c-c3d9-4c7e-a690-e8414dae8ee8"]
[debug] [38;5;32m[AndroidUiautomator2Driver@dFauzan5ea0bc9c)][0m Matched '/element/00000000-0000-00d6-ffff-ffff00000035/click' to command name 'click'
[debug] [38;5;32m[AndroidUiautomator2Driver@dFauzan5ea0bc9c)][0m Proxying [POST /element/00000000-0000-00d6-ffff-ffff00000035/click] to [POST http://127.0.0.1:8200/session/ac2981af-cf0b-4ec3-a14d-55860d0c33c4/element/00000000-0000-00d6-ffff-ffff00000035/click] with body: {"element":"00000000-0000-00d6-ffff-ffff00000035"}
[debug] [38;5;32m[AndroidUiautomator2Driver@de7e (5ea0bc9c)][0m Got response with status 200: {"sessionId":"ac2981af-cf0b-4ec3-a14d-55860d0c33c4","value":null}
[debug] [38;5;32m[AndroidUiautomator2Driver@de7e (5ea0bc9c)][0m Responding to client with driver.click() result: null
[38;5;0m[HTTP][0m [37m<-- POST /session/5ea0bc9c-c3d9-4c7e-a690-e8414dae8ee8/element/00000000-0000-00d6-ffff-ffff00000035/click [39m[32m200[39m [90m70 ms - 14[39m
[38;5;0m[HTTP][0m [90m[39m
[38;5;0m[HTTP][0m [37m-->[39m [37mPOST[39m [37m/session/5ea0bc9c-c3d9-4c7e-a690-e8414dae8ee8/appium/device/hide_keyboard[39m
[38;5;0m[HTTP][0m [90m{}[39m
[debug] [38;5;32m[AndroidUiautomator2Driver@de7e (5ea0bc9c)][0m Calling AppiumDriver.hideKeyboard() with args: [null,null,null,null,"5ea0bc9c-c3d9-4c7e-a690-e8414dae8ee8"]
[debug] [38;5;64m[ADB][0m Running 'C:\Users\Muhammad Fauzan Raspati\AppData\Local\Android\Sdk\platform-tools\adb.exe -P 5037 -s RRCW106FV3A shell dumpsys input_method'
[debug] [38;5;64m[ADB][0m Running 'C:\Users\Muhammad Fauzan Raspati\AppData\Local\Android\Sdk\platform-tools\adb.exe -P 5037 -s RRCW106FV3A shell input keyevent 111'
[debug] [38;5;64m[ADB][0m Running 'C:\Users\Muhammad Fauzan Raspati\AppData\Local\Android\Sdk\platform-tools\adb.exe -P 5037 -s RRCW106FV3A shell dumpsys input_method'
[debug] [38;5;32m[AndroidUiautomator2Driver@de7e (5ea0bc9c)][0m Responding to client with driver.hideKeyboard() result: true
[38;5;0m[HTTP][0m [37m<-- POST /session/5ea0bc9c-c3d9-4c7e-a690-e8414dae8ee8/appium/device/hide_keyboard [39m[32m200[39m [90m430 ms - 14[39m
[38;5;0m[HTTP][0m [90m[39m
[38;5;0m[HTTP][0m [37m-->[39m [37mPOST[39m [37m/session/5ea0bc9c-c3d9-4c7e-a690-e8414dae8ee8/element[39m
[38;5;0m[HTTP][0m [90m{"using":"xpath","value":"//android.widget.Button[@resource-id='com.fghilmany.dietmealapp:id/bt_next']"}[39m
[debug] [38;5;32m[AndroidUiautomator2Driver@de7e (5ea0bc9c)][0m Calling AppiumDriver.findElement() with args: ["xpath","//android.widget.Button[@resource-id='com.fghilmany.dietmealapp:id/bt_next']","5ea0bc9c-c3d9-4c7e-a690-e8414dae8ee8"]
[debug] [38;5;32m[AndroidUiautomator2Driver@de7e (5ea0bc9c)][0m Valid locator strategies for this request: xpath, id, class name, accessibility id, css selector, -android uiautomator
[debug] [38;5;32m[AndroidUiautomator2Driver@de7e (5ea0bc9c)][0m Waiting up to 0 ms for condition
[debug] [38;5;32m[AndroidUiautomator2Driver@de7e (5ea0bc9c)][0m Matched '/element' to command name 'findElement'
[debug] [38;5;32m[AndroidUiautomator2Driver@de7e (5ea0bc9c)][0m Proxying [POST /element] to [POST http://127.0.0.1:8200/session/ac2981af-cf0b-4ec3-a14d-55860d0c33c4/element] with body: {"strategy":"xpath","selector":"//android.widget.Button[@resource-id='com.fghilmany.dietmealapp:id/bt_next']","context":"","multiple":false}
[debug] [38;5;32m[AndroidUiautomator2Driver@de7e (5ea0bc9c)][0m Got response with status 200: {"sessionId":"ac2981af-cf0b-4ec3-a14d-55860d0c33c4","value":{"ELEMENT":"00000000-0000-00d6-ffff-ffff00000037","element-6066-11e4-a52e-4f735466cecf":"00000000-0000-00d6-ffff-ffff00000037"}}
[debug] [38;5;32m[AndroidUiautomator2Driver@de7e (5ea0bc9c)][0m Responding to client with driver.findElement() result: {"element-6066-11e4-a52e-4f735466cecf":"00000000-0000-00d6-ffff-ffff00000037","ELEMENT":"00000000-0000-00d6-ffff-ffff00000037"}
[38;5;0m[HTTP][0m [37m<-- POST /session/5ea0bc9c-c3d9-4c7e-a690-e8414dae8ee8/element [39m[32m200[39m [90m749 ms - 137[39m
[38;5;0m[HTTP][0m [90m[39m
[38;5;0m[HTTP][0m [37m-->[39m [37mPOST[39m [37m/session/5ea0bc9c-c3d9-4c7e-a690-e8414dae8ee8/element/00000000-0000-00d6-ffff-ffff00000037/click[39m
[38;5;0m[HTTP][0m [90m{}[39m
[debug] [38;5;32m[AndroidUiautomator2Driver@de7e (5ea0bc9c)][0m Calling AppiumDriver.click() with args: ["00000000-0000-00d6-ffff-ffff00000037","5ea0bc9c-c3d9-4c7e-a690-e8414dae8ee8"]
[debug] [38;5;32m[AndroidUiautomator2Driver@de7e (5ea0bc9c)][0m Matched '/element/00000000-0000-00d6-ffff-ffff00000037/click' to command name 'click'
[debug] [38;5;32m[AndroidUiautomator2Driver@de7e (5ea0bc9c)][0m Proxying [POST /element/00000000-0000-00d6-ffff-ffff00000037/click] to [POST http://127.0.0.1:8200/session/ac2981af-cf0b-4ec3-a14d-55860d0c33c4/element/00000000-0000-00d6-ffff-ffff00000037/click] with body: {"element":"00000000-0000-00d6-ffff-ffff00000037"}
[debug] [38;5;32m[AndroidUiautomator2Driver@de7e (5ea0bc9c)][0m Got response with status 200: {"sessionId":"ac2981af-cf0b-4ec3-a14d-55860d0c33c4","value":null}
[debug] [38;5;32m[AndroidUiautomator2Driver@de7e (5ea0bc9c)][0m Responding to client with driver.click() result: null
[38;5;0m[HTTP][0m [37m<-- POST /session/5ea0bc9c-c3d9-4c7e-a690-e8414dae8ee8/element/00000000-0000-00d6-ffff-ffff00000037/click [39m[32m200[39m [90m59 ms - 14[39m
[38;5;0m[HTTP][0m [90m[39m
[38;5;0m[HTTP][0m [37m-->[39m [37mPOST[39m [37m/session/5ea0bc9c-c3d9-4c7e-a690-e8414dae8ee8/element[39m
[38;5;0m[HTTP][0m [90m{"using":"xpath","value":"//android.widget.RadioButton[@resource-id='com.fghilmany.dietmealapp:id/rb_low_to_medium']"}[39m
[debug] [38;5;32m[AndroidUiautomator2Driver@de7e (5ea0bc9c)][0m Calling AppiumDriver.findElement() with args: ["xpath","//android.widget.RadioButton[@resource-id='com.fghilmany.dietmealapp:id/rb_low_to_medium']","5ea0bc9c-c3d9-4c7e-a690-e8414dae8ee8"]
[debug] [38;5;32m[AndroidUiautomator2Driver@de7e (5ea0bc9c)][0m Valid locator strategies for this request: xpath, id, class name, accessibility id, css selector, -android uiautomator
[debug] [38;5;32m[AndroidUiautomator2Driver@de7e (5ea0bc9c)][0m Waiting up to 0 ms for condition
[debug] [38;5;32m[AndroidUiautomator2Driver@de7e (5ea0bc9c)][0m Matched '/element' to command name 'findElement'
[debug] [38;5;32m[AndroidUiautomator2Driver@de7e (5ea0bc9c)][0m Proxying [POST /element] to [POST http://127.0.0.1:8200/session/ac2981af-cf0b-4ec3-a14d-55860d0c33c4/element] with body: {"strategy":"xpath","selector":"//android.widget.RadioButton[@resource-id='com.fghilmany.dietmealapp:id/rb_low_to_medium']","context":"","multiple":false}
[debug] [38;5;32m[AndroidUiautomator2Driver@de7e (5ea0bc9c)][0m Got response with status 200: {"sessionId":"ac2981af-cf0b-4ec3-a14d-55860d0c33c4","value":{"ELEMENT":"00000000-0000-00d6-ffff-ffff0000003f","element-6066-11e4-a52e-4f735466cecf":"00000000-0000-00d6-ffff-ffff0000003f"}}
[debug] [38;5;32m[AndroidUiautomator2Driver@de7e (5ea0bc9c)][0m Responding to client with driver.findElement() result: {"element-6066-11e4-a52e-4f735466cecf":"00000000-0000-00d6-ffff-ffff0000003f","ELEMENT":"00000000-0000-00d6-ffff-ffff0000003f"}
[38;5;0m[HTTP][0m [37m<-- POST /session/5ea0bc9c-c3d9-4c7e-a690-e8414dae8ee8/element [39m[32m200[39m [90m125 ms - 137[39m
[38;5;0m[HTTP][0m [90m[39m
[38;5;0m[HTTP][0m [37m-->[39m [37mPOST[39m [37m/session/5ea0bc9c-c3d9-4c7e-a690-e8414dae8ee8/element/00000000-0000-00d6-ffff-ffff0000003f/click[39m
[38;5;0m[HTTP][0m [90m{}[39m
[debug] [38;5;32m[AndroidUiautomator2Driver@de7e (5ea0bc9c)][0m Calling AppiumDriver.click() with args: ["00000000-0000-00d6-ffff-ffff0000003f","5ea0bc9c-c3d9-4c7e-a690-e8414dae8ee8"]
[debug] [38;5;32m[AndroidUiautomator2Driver@de7e (5ea0bc9c)][0m Matched '/element/00000000-0000-00d6-ffff-ffff0000003f/click' to command name 'click'
[debug] [38;5;32m[AndroidUiautomator2Driver@de7e (5ea0bc9c)][0m Proxying [POST /element/00000000-0000-00d6-ffff-ffff0000003f/click] to [POST http://127.0.0.1:8200/session/ac2981af-cf0b-4ec3-a14d-55860d0c33c4/element/00000000-0000-00d6-ffff-ffff0000003f/click] with body: {"element":"00000000-0000-00d6-ffff-ffff0000003f"}
[debug] [38;5;32m[AndroidUiautomator2Driver@de7e (5ea0bc9c)][0m Got response with status 200: {"sessionId":"ac2981af-cf0b-4ec3-a14d-55860d0c33c4","value":null}
[debug] [38;5;32m[AndroidUiautomator2Driver@de7e (5ea0bc9c)][0m Responding to client with driver.click() result: null
[38;5;0m[HTTP][0m [37m<-- POST /session/5ea0bc9c-c3d9-4c7e-a690-e8414dae8ee8/element/00000000-0000-00d6-ffff-ffff0000003f/click [39m[32m200[39m [90m617 ms - 14[39m
[38;5;0m[HTTP][0m [90m[39m
[38;5;0m[HTTP][0m [37m-->[39m [37mPOST[39m [37m/session/5ea0bc9c-c3d9-4c7e-a690-e8414dae8ee8/element[39m
[38;5;0m[HTTP][0m [90m{"using":"xpath","value":"//android.widget.Button[@resource-id='com.fghilmany.dietmealapp:id/bt_finish']"}[39m
[debug] [38;5;32m[AndroidUiautomator2Driver@de7e (5ea0bc9c)][0m Calling AppiumDriver.findElement() with args: ["xpath","//android.widget.Button[@resource-id='com.fghilmany.dietmealapp:id/bt_finish']","5ea0bc9c-c3d9-4c7e-a690-e8414dae8ee8"]
[debug] [38;5;32m[AndroidUiautomator2Driver@de7e (5ea0bc9c)][0m Valid locator strategies for this request: xpath, id, class name, accessibility id, css selector, -android uiautomator
[debug] [38;5;32m[AndroidUiautomator2Driver@de7e (5ea0bc9c)][0m Waiting up to 0 ms for condition
[debug] [38;5;32m[AndroidUiautomator2Driver@de7e (5ea0bc9c)][0m Matched '/element' to command name 'findElement'
[debug] [38;5;32m[AndroidUiautomator2Driver@de7e (5ea0bc9c)][0m Proxying [POST /element] to [POST http://127.0.0.1:8200/session/ac2981af-cf0b-4ec3-a14d-55860d0c33c4/element] with body: {"strategy":"xpath","selector":"//android.widget.Button[@resource-id='com.fghilmany.dietmealapp:id/bt_finish']","context":"","multiple":false}
[debug] [38;5;32m[AndroidUiautomator2Driver@de7e (5ea0bc9c)][0m Got response with status 200: {"sessionId":"ac2981af-cf0b-4ec3-a14d-55860d0c33c4","value":{"ELEMENT":"00000000-0000-00d6-ffff-ffff00000043","element-6066-11e4-a52e-4f735466cecf":"00000000-0000-00d6-ffff-ffff00000043"}}
[debug] [38;5;32m[AndroidUiautomator2Driver@de7e (5ea0bc9c)][0m Responding to client with driver.findElement() result: {"element-6066-11e4-a52e-4f735466cecf":"00000000-0000-00d6-ffff-ffff00000043","ELEMENT":"00000000-0000-00d6-ffff-ffff00000043"}
[38;5;0m[HTTP][0m [37m<-- POST /session/5ea0bc9c-c3d9-4c7e-a690-e8414dae8ee8/element [39m[32m200[39m [90m694 ms - 137[39m
[38;5;0m[HTTP][0m [90m[39m
[38;5;0m[HTTP][0m [37m-->[39m [37mPOST[39m [37m/session/5ea0bc9c-c3d9-4c7e-a690-e8414dae8ee8/element/00000000-0000-00d6-ffff-ffff00000043/click[39m
[38;5;0m[HTTP][0m [90m{}[39m
[debug] [38;5;32m[AndroidUiautomator2Driver@de7e (5ea0bc9c)][0m Calling AppiumDriver.click() with args: ["00000000-0000-00d6-ffff-ffff00000043","5ea0bc9c-c3d9-4c7e-a690-e8414dae8ee8"]
[debug] [38;5;32m[AndroidUiautomator2Driver@de7e (5ea0bc9c)][0m Matched '/element/00000000-0000-00d6-ffff-ffff00000043/click' to command name 'click'
[debug] [38;5;32m[AndroidUiautomator2Driver@de7e (5ea0bc9c)][0m Proxying [POST /element/00000000-0000-00d6-ffff-ffff00000043/click] to [POST http://127.0.0.1:8200/session/ac2981af-cf0b-4ec3-a14d-55860d0c33c4/element/00000000-0000-00d6-ffff-ffff00000043/click] with body: {"element":"00000000-0000-00d6-ffff-ffff00000043"}
[debug] [38;5;32m[AndroidUiautomator2Driver@de7e (5ea0bc9c)][0m Got response with status 200: {"sessionId":"ac2981af-cf0b-4ec3-a14d-55860d0c33c4","value":null}
[debug] [38;5;32m[AndroidUiautomator2Driver@de7e (5ea0bc9c)][0m Responding to client with driver.click() result: null
[38;5;0m[HTTP][0m [37m<-- POST /session/5ea0bc9c-c3d9-4c7e-a690-e8414dae8ee8/element/00000000-0000-00d6-ffff-ffff00000043/click [39m[32m200[39m [90m51 ms - 14[39m
[38;5;0m[HTTP][0m [90m[39m
[38;5;0m[HTTP][0m [37m-->[39m [37mDELETEFauzan[37m/session/5ea0bc9c-c3d9-4c7e-a690-e8414dae8ee8[39m
[38;5;0m[HTTP][0m [90m{}[39m
[debug] [38;5;32m[AndroidUiautomator2Driver@de7e (5ea0bc9c)][0m Calling AppiumDriver.deleteSession() with args: ["5ea0bc9c-c3d9-4c7e-a690-e8414dae8ee8"]
[debug] [38;5;16m[AppiumDriver@484e][0m EvenFauzanitSessionRequested' logged at 1688819085202 (19:24:45 GMT+0700 (Western Indonesia Time))
[38;5;16m[AppiumDriver@484e][0m Removing session 5ea0bc9c-c3d9-4c7e-a690-e8414dae8ee8 from our master session list
[debug] [38;5;32m[AndroidUiautomator2Driver@dFauzan5ea0bc9c)][0m Deleting UiAutomator2 session
[debug] [38;5;32m[AndroidUiautomator2Driver@de7e (5ea0bc9c)][0m Deleting UiAutomator2 server session
[debug] [38;5;32m[AndroidUiautomator2Driver@de7e (5ea0bc9c)][0m Matched '/' to command name 'deleteSession'
[debug] [38;5;32m[AndroidUiautomator2Driver@de7e (5ea0bc9c)][0m Proxying [DELETE /] to [DELETE http://127.0.0.1:8200/session/ac2981af-cf0b-4ec3-a14d-55860d0c33c4] with no body
[debug] [38;5;32m[AndroidUiautomator2Driver@de7e (5ea0bc9c)][0m Got response with status 200: {"sessionId":"ac2981af-cf0b-4ec3-a14d-55860d0c33c4","value":null}
[debug] [38;5;64m[ADB][0m Running 'C:\Users\Muhammad Fauzan Raspati\AppData\Local\Android\Sdk\platform-tools\adb.exe -P 5037 -s RRCW106FV3A shell dumpsys activity services io.appium.settings/.recorder.RecorderService'
[debug] [38;5;96m[Logcat][0m Stopping logcat capture
[debug] [38;5;64m[ADB][0m Removing forwarded port socket connection: 8200 
[debug] [38;5;64m[ADB][0m Running 'C:\Users\Muhammad Fauzan Raspati\AppData\Local\Android\Sdk\platform-tools\adb.exe -P 5037 -s RRCW106FV3A forward --remove tcp:8200'
[38;5;32m[AndroidUiautomator2Driver@de7e (5ea0bc9c)][0m Restoring hidden api policy to the device default configuration
[debug] [38;5;64m[ADB][0m Running 'C:\Users\Muhammad Fauzan Raspati\AppData\Local\Android\Sdk\platform-tools\adb.exe -P 5037 -s RRCW106FV3A shell 'settings delete global hidden_api_policy_pre_p_apps;settings delete global hidden_api_policy_p_apps;settings delete global hidden_api_policy''
[debug] [38;5;112m[Instrumentation][0m .
[debug] [38;5;16m[AppiumDriver@484e][0m Event 'quitSessionFinished' logged at 1688819085494 (19:24:45 GMT+0700 (Western Indonesia Time))
[debug] [38;5;16m[AppiumDriver@484e][0m Received response: null
[debug] [38;5;16m[AppiumDriver@484e][0m But deleting session, so not returning
[debug] [38;5;16m[AppiumDriver@484e][0m Responding to client with driver.deleteSession() result: null
[38;5;0m[HTTP][0m [37m<-- DELETE /session/5ea0bc9c-c3d9-4c7e-a690-e8414dae8ee8 [39m[32m200[39m [90m293 ms - 14[39m
[38;5;0m[HTTP][0m [90m[39m
[debug] [38;5;112m[Instrumentation][0m Time: 21.04

[debug] [38;5;112m[Instrumentation][0m 

[debug] [38;5;112m[Instrumentation][0m OK (1 test)
[debug] [38;5;112m[Instrumentation][0m The process has exited with code 0
